TN:
SF:src\app.js
FN:56,(anonymous_0)
FN:87,(anonymous_1)
FNF:2
FNH:1
FNDA:1,(anonymous_0)
FNDA:0,(anonymous_1)
DA:1,1
DA:2,1
DA:3,1
DA:4,1
DA:5,1
DA:7,1
DA:8,1
DA:9,1
DA:10,1
DA:11,1
DA:12,1
DA:13,1
DA:14,1
DA:15,1
DA:16,1
DA:17,1
DA:18,1
DA:19,1
DA:20,1
DA:23,1
DA:24,1
DA:25,1
DA:26,1
DA:27,1
DA:28,1
DA:29,1
DA:30,1
DA:32,1
DA:40,1
DA:42,1
DA:43,1
DA:44,1
DA:45,1
DA:47,1
DA:56,1
DA:59,1
DA:60,1
DA:61,1
DA:62,1
DA:63,1
DA:64,1
DA:65,1
DA:68,1
DA:69,1
DA:70,1
DA:71,1
DA:72,1
DA:73,1
DA:74,1
DA:75,1
DA:76,1
DA:77,1
DA:78,1
DA:79,1
DA:80,1
DA:81,1
DA:82,1
DA:83,1
DA:84,1
DA:85,1
DA:87,1
DA:88,0
DA:91,1
LF:63
LH:62
BRF:0
BRH:0
end_of_record
TN:
SF:src\db.js
FNF:0
FNH:0
DA:1,1
DA:9,1
DA:11,1
DA:12,0
DA:17,1
DA:25,1
LF:6
LH:5
BRDA:11,0,0,0
BRDA:11,0,1,1
BRDA:11,1,0,1
BRDA:11,1,1,1
BRDA:11,1,2,1
BRDA:11,1,3,1
BRF:6
BRH:5
end_of_record
TN:
SF:src\server.js
FN:19,loadBackgroundJobs
FN:26,startServer
FN:41,(anonymous_2)
FNF:3
FNH:0
FNDA:0,loadBackgroundJobs
FNDA:0,startServer
FNDA:0,(anonymous_2)
DA:3,0
DA:5,0
DA:7,0
DA:8,0
DA:9,0
DA:10,0
DA:11,0
DA:13,0
DA:20,0
DA:21,0
DA:22,0
DA:23,0
DA:27,0
DA:28,0
DA:29,0
DA:33,0
DA:34,0
DA:36,0
DA:38,0
DA:39,0
DA:41,0
DA:42,0
DA:45,0
DA:46,0
DA:52,0
DA:53,0
DA:56,0
LF:27
LH:0
BRDA:13,0,0,0
BRDA:13,0,1,0
BRDA:52,1,0,0
BRDA:52,1,1,0
BRF:4
BRH:0
end_of_record
TN:
SF:src\socket.js
FN:20,initSocket
FN:34,(anonymous_1)
FN:36,(anonymous_2)
FN:40,(anonymous_3)
FN:48,getIO
FN:54,emitToUser
FN:60,emitToRoom
FNF:7
FNH:0
FNDA:0,initSocket
FNDA:0,(anonymous_1)
FNDA:0,(anonymous_2)
FNDA:0,(anonymous_3)
FNDA:0,getIO
FNDA:0,emitToUser
FNDA:0,emitToRoom
DA:3,1
DA:5,1
DA:13,1
DA:21,0
DA:22,0
DA:23,0
DA:26,0
DA:34,0
DA:36,0
DA:37,0
DA:40,0
DA:43,0
DA:44,0
DA:49,0
DA:50,0
DA:55,0
DA:56,0
DA:61,0
DA:62,0
DA:65,1
LF:20
LH:4
BRDA:21,0,0,0
BRDA:21,0,1,0
BRDA:37,1,0,0
BRDA:37,1,1,0
BRDA:49,2,0,0
BRDA:49,2,1,0
BRDA:55,3,0,0
BRDA:55,3,1,0
BRDA:61,4,0,0
BRDA:61,4,1,0
BRF:10
BRH:0
end_of_record
TN:
SF:src\controllers\architect.controller.js
FN:7,normalizeSearch
FN:12,parseLimit
FN:18,getAllArchitects
FN:43,(anonymous_3)
FNF:4
FNH:0
FNDA:0,normalizeSearch
FNDA:0,parseLimit
FNDA:0,getAllArchitects
FNDA:0,(anonymous_3)
DA:1,1
DA:2,1
DA:4,1
DA:5,1
DA:8,0
DA:9,0
DA:13,0
DA:14,0
DA:15,0
DA:19,0
DA:20,0
DA:21,0
DA:22,0
DA:24,0
DA:25,0
DA:32,0
DA:43,0
DA:45,0
DA:46,0
DA:50,1
LF:20
LH:5
BRDA:8,0,0,0
BRDA:8,0,1,0
BRDA:14,1,0,0
BRDA:14,1,1,0
BRDA:14,2,0,0
BRDA:14,2,1,0
BRDA:24,3,0,0
BRDA:24,3,1,0
BRF:8
BRH:0
end_of_record
TN:
SF:src\controllers\company.controller.js
FN:7,normalizeSearch
FN:12,parseLimit
FN:18,getAllCompanies
FN:44,(anonymous_3)
FNF:4
FNH:0
FNDA:0,normalizeSearch
FNDA:0,parseLimit
FNDA:0,getAllCompanies
FNDA:0,(anonymous_3)
DA:1,1
DA:2,1
DA:4,1
DA:5,1
DA:8,0
DA:9,0
DA:13,0
DA:14,0
DA:15,0
DA:19,0
DA:20,0
DA:21,0
DA:23,0
DA:25,0
DA:26,0
DA:33,0
DA:44,0
DA:46,0
DA:47,0
DA:53,1
LF:20
LH:5
BRDA:8,0,0,0
BRDA:8,0,1,0
BRDA:14,1,0,0
BRDA:14,1,1,0
BRDA:14,2,0,0
BRDA:14,2,1,0
BRDA:25,3,0,0
BRDA:25,3,1,0
BRF:8
BRH:0
end_of_record
TN:
SF:src\controllers\engineer.controller.js
FN:7,normalizeSearch
FN:12,parseLimit
FN:18,getAllEngineers
FN:43,(anonymous_3)
FNF:4
FNH:0
FNDA:0,normalizeSearch
FNDA:0,parseLimit
FNDA:0,getAllEngineers
FNDA:0,(anonymous_3)
DA:1,1
DA:2,1
DA:4,1
DA:5,1
DA:8,0
DA:9,0
DA:13,0
DA:14,0
DA:15,0
DA:19,0
DA:20,0
DA:21,0
DA:22,0
DA:24,0
DA:25,0
DA:32,0
DA:43,0
DA:45,0
DA:46,0
DA:50,1
LF:20
LH:5
BRDA:8,0,0,0
BRDA:8,0,1,0
BRDA:14,1,0,0
BRDA:14,1,1,0
BRDA:14,2,0,0
BRDA:14,2,1,0
BRDA:24,3,0,0
BRDA:24,3,1,0
BRF:8
BRH:0
end_of_record
TN:
SF:src\controllers\projectAction.controller.js
FN:5,assertProjectAccess
FN:19,(anonymous_1)
FN:21,(anonymous_2)
FN:23,(anonymous_3)
FN:30,(anonymous_4)
FN:159,(anonymous_5)
FN:183,(anonymous_6)
FNF:7
FNH:0
FNDA:0,assertProjectAccess
FNDA:0,(anonymous_1)
FNDA:0,(anonymous_2)
FNDA:0,(anonymous_3)
FNDA:0,(anonymous_4)
FNDA:0,(anonymous_5)
FNDA:0,(anonymous_6)
DA:1,1
DA:3,1
DA:6,0
DA:7,0
DA:11,0
DA:12,0
DA:13,0
DA:15,0
DA:18,1
DA:20,0
DA:22,0
DA:24,0
DA:30,1
DA:32,0
DA:35,0
DA:42,0
DA:53,0
DA:55,0
DA:61,0
DA:63,0
DA:91,0
DA:93,0
DA:108,0
DA:120,0
DA:132,0
DA:136,0
DA:143,0
DA:148,0
DA:159,1
DA:160,0
DA:162,0
DA:163,0
DA:165,0
DA:171,0
DA:174,0
DA:175,0
DA:183,1
DA:184,0
DA:186,0
DA:187,0
DA:189,0
DA:195,0
DA:198,0
DA:199,0
LF:44
LH:6
BRDA:6,0,0,0
BRDA:6,0,1,0
BRDA:11,1,0,0
BRDA:11,1,1,0
BRDA:19,2,0,0
BRDA:21,3,0,0
BRDA:23,4,0,0
BRDA:35,5,0,0
BRDA:35,5,1,0
BRDA:42,6,0,0
BRDA:42,6,1,0
BRDA:42,6,2,0
BRDA:42,6,3,0
BRDA:73,7,0,0
BRDA:73,7,1,0
BRDA:76,8,0,0
BRDA:76,8,1,0
BRDA:79,9,0,0
BRDA:79,9,1,0
BRDA:82,10,0,0
BRDA:82,10,1,0
BRDA:91,11,0,0
BRDA:91,11,1,0
BRDA:163,12,0,0
BRDA:163,12,1,0
BRDA:187,13,0,0
BRDA:187,13,1,0
BRF:27
BRH:0
end_of_record
TN:
SF:src\controllers\projectTimeline.controller.js
FN:3,(anonymous_0)
FNF:1
FNH:0
FNDA:0,(anonymous_0)
DA:1,0
DA:3,0
DA:4,0
DA:6,0
DA:8,0
DA:19,0
DA:22,0
DA:23,0
LF:8
LH:0
BRF:0
BRH:0
end_of_record
TN:
SF:src\cron\checkProjects.js
FN:13,(anonymous_0)
FNF:1
FNH:0
FNDA:0,(anonymous_0)
DA:3,0
DA:4,0
DA:5,0
DA:6,0
DA:10,0
DA:13,0
DA:14,0
DA:16,0
DA:17,0
DA:18,0
DA:21,0
DA:23,0
DA:31,0
DA:33,0
DA:34,0
DA:35,0
DA:36,0
DA:37,0
DA:38,0
DA:39,0
DA:41,0
DA:47,0
DA:53,0
DA:55,0
LF:24
LH:0
BRDA:16,0,0,0
BRDA:16,0,1,0
BRDA:42,1,0,0
BRDA:42,1,1,0
BRF:4
BRH:0
end_of_record
TN:
SF:src\cron\followup.job.js
FN:15,(anonymous_0)
FN:40,(anonymous_1)
FNF:2
FNH:0
FNDA:0,(anonymous_0)
FNDA:0,(anonymous_1)
DA:1,0
DA:2,0
DA:4,0
DA:6,0
DA:7,0
DA:8,0
DA:10,0
DA:15,0
DA:16,0
DA:17,0
DA:19,0
DA:20,0
DA:22,0
DA:26,0
DA:27,0
DA:32,0
DA:36,0
DA:39,0
DA:40,0
DA:41,0
DA:47,0
DA:48,0
DA:49,0
DA:50,0
DA:52,0
DA:60,0
DA:63,0
DA:68,0
DA:69,0
DA:70,0
DA:71,0
DA:74,0
DA:76,0
DA:82,0
DA:83,0
DA:86,0
DA:87,0
DA:90,0
DA:98,0
DA:100,0
DA:114,0
DA:116,0
DA:122,0
DA:123,0
DA:133,0
DA:137,0
DA:139,0
DA:148,0
DA:157,0
LF:49
LH:0
BRDA:49,0,0,0
BRDA:49,0,1,0
BRDA:68,1,0,0
BRDA:68,1,1,0
BRDA:69,2,0,0
BRDA:69,2,1,0
BRDA:82,3,0,0
BRDA:82,3,1,0
BRDA:122,4,0,0
BRDA:122,4,1,0
BRF:10
BRH:0
end_of_record
TN:
SF:src\cron\projectCron.js
FN:24,getMissingFields
FN:54,archiveProjects
FN:98,checkProjects
FN:112,(anonymous_3)
FN:173,(anonymous_4)
FNF:5
FNH:0
FNDA:0,getMissingFields
FNDA:0,archiveProjects
FNDA:0,checkProjects
FNDA:0,(anonymous_3)
FNDA:0,(anonymous_4)
DA:3,0
DA:5,0
DA:6,0
DA:11,0
DA:13,0
DA:18,0
DA:20,0
DA:25,0
DA:27,0
DA:28,0
DA:31,0
DA:32,0
DA:33,0
DA:36,0
DA:37,0
DA:38,0
DA:42,0
DA:43,0
DA:45,0
DA:52,0
DA:55,0
DA:56,0
DA:57,0
DA:60,0
DA:61,0
DA:63,0
DA:64,0
DA:65,0
DA:67,0
DA:68,0
DA:69,0
DA:70,0
DA:72,0
DA:73,0
DA:74,0
DA:75,0
DA:76,0
DA:77,0
DA:79,0
DA:80,0
DA:81,0
DA:83,0
DA:84,0
DA:86,0
DA:89,0
DA:93,0
DA:99,0
DA:100,0
DA:102,0
DA:107,0
DA:109,0
DA:111,0
DA:112,0
DA:113,0
DA:114,0
DA:116,0
DA:118,0
DA:119,0
DA:120,0
DA:121,0
DA:122,0
DA:125,0
DA:126,0
DA:128,0
DA:130,0
DA:131,0
DA:132,0
DA:133,0
DA:135,0
DA:136,0
DA:137,0
DA:139,0
DA:140,0
DA:141,0
DA:143,0
DA:144,0
DA:145,0
DA:147,0
DA:148,0
DA:149,0
DA:152,0
DA:161,0
DA:162,0
DA:165,0
DA:166,0
DA:179,0
DA:181,0
DA:183,0
DA:188,0
DA:190,0
LF:90
LH:0
BRDA:27,0,0,0
BRDA:27,0,1,0
BRDA:28,1,0,0
BRDA:28,1,1,0
BRDA:31,2,0,0
BRDA:31,2,1,0
BRDA:32,3,0,0
BRDA:32,3,1,0
BRDA:33,4,0,0
BRDA:33,4,1,0
BRDA:36,5,0,0
BRDA:36,5,1,0
BRDA:37,6,0,0
BRDA:37,6,1,0
BRDA:38,7,0,0
BRDA:38,7,1,0
BRDA:42,8,0,0
BRDA:42,8,1,0
BRDA:43,9,0,0
BRDA:43,9,1,0
BRDA:52,10,0,0
BRDA:52,10,1,0
BRDA:55,11,0,0
BRDA:55,11,1,0
BRDA:65,12,0,0
BRDA:65,12,1,0
BRDA:72,13,0,0
BRDA:72,13,1,0
BRDA:72,14,0,0
BRDA:72,14,1,0
BRDA:116,15,0,0
BRDA:116,15,1,0
BRDA:116,16,0,0
BRDA:116,16,1,0
BRDA:121,17,0,0
BRDA:121,17,1,0
BRDA:122,18,0,0
BRDA:122,18,1,0
BRDA:125,19,0,0
BRDA:125,19,1,0
BRDA:125,20,0,0
BRDA:125,20,1,0
BRDA:125,20,2,0
BRDA:131,21,0,0
BRDA:131,21,1,0
BRDA:135,22,0,0
BRDA:135,22,1,0
BRDA:135,23,0,0
BRDA:135,23,1,0
BRDA:139,24,0,0
BRDA:139,24,1,0
BRDA:139,25,0,0
BRDA:139,25,1,0
BRDA:143,26,0,0
BRDA:143,26,1,0
BRDA:147,27,0,0
BRDA:147,27,1,0
BRF:57
BRH:0
end_of_record
TN:
SF:src\middleware\actionUpload.middleware.js
FN:14,(anonymous_0)
FN:15,(anonymous_1)
FN:25,(anonymous_2)
FNF:3
FNH:0
FNDA:0,(anonymous_0)
FNDA:0,(anonymous_1)
FNDA:0,(anonymous_2)
DA:1,1
DA:2,1
DA:3,1
DA:7,1
DA:8,1
DA:9,1
DA:11,1
DA:13,1
DA:14,0
DA:16,0
DA:17,0
DA:18,0
DA:22,1
DA:26,0
DA:27,0
DA:28,0
DA:32,1
LF:17
LH:10
BRDA:16,0,0,0
BRDA:16,0,1,0
BRDA:17,1,0,0
BRDA:17,1,1,0
BRDA:17,1,2,0
BRDA:26,2,0,0
BRDA:26,2,1,0
BRDA:27,3,0,0
BRDA:27,3,1,0
BRF:9
BRH:0
end_of_record
TN:
SF:src\middleware\auth.middleware.js
FN:4,authRequired
FNF:1
FNH:0
FNDA:0,authRequired
DA:2,1
DA:5,0
DA:6,0
DA:7,0
DA:9,0
DA:10,0
DA:13,0
DA:14,0
DA:15,0
DA:17,0
DA:21,1
LF:11
LH:2
BRDA:6,0,0,0
BRDA:6,0,1,0
BRDA:9,1,0,0
BRDA:9,1,1,0
BRDA:9,2,0,0
BRDA:9,2,1,0
BRF:6
BRH:0
end_of_record
TN:
SF:src\middleware\kpiRoleGuard.js
FN:13,kpiRoleGuard
FNF:1
FNH:0
FNDA:0,kpiRoleGuard
DA:3,1
DA:14,0
DA:16,0
DA:17,0
DA:19,0
DA:20,0
DA:21,0
DA:30,0
DA:33,1
LF:9
LH:2
BRDA:14,0,0,0
BRDA:14,0,1,0
BRDA:19,1,0,0
BRDA:19,1,1,0
BRF:4
BRH:0
end_of_record
TN:
SF:src\middleware\projectAction.validation.js
FN:6,(anonymous_0)
FN:57,(anonymous_1)
FNF:2
FNH:0
FNDA:0,(anonymous_0)
FNDA:0,(anonymous_1)
DA:1,1
DA:3,1
DA:4,1
DA:6,1
DA:8,0
DA:9,0
DA:11,0
DA:15,0
DA:20,0
DA:22,0
DA:23,0
DA:27,0
DA:28,0
DA:34,0
DA:35,0
DA:39,0
DA:40,0
DA:43,0
DA:44,0
DA:52,0
DA:53,0
DA:57,1
DA:58,0
DA:59,0
DA:64,0
DA:65,0
DA:70,0
LF:27
LH:5
BRDA:15,0,0,0
BRDA:15,0,1,0
BRDA:15,0,2,0
BRDA:15,0,3,0
BRDA:15,1,0,0
BRDA:15,1,1,0
BRDA:16,2,0,0
BRDA:16,2,1,0
BRDA:17,3,0,0
BRDA:17,3,1,0
BRDA:22,4,0,0
BRDA:22,4,1,0
BRDA:27,5,0,0
BRDA:27,5,1,0
BRDA:27,6,0,0
BRDA:27,6,1,0
BRDA:34,7,0,0
BRDA:34,7,1,0
BRDA:34,8,0,0
BRDA:34,8,1,0
BRDA:39,9,0,0
BRDA:39,9,1,0
BRDA:39,10,0,0
BRDA:39,10,1,0
BRDA:43,11,0,0
BRDA:43,11,1,0
BRDA:58,12,0,0
BRDA:58,12,1,0
BRDA:64,13,0,0
BRDA:64,13,1,0
BRDA:67,14,0,0
BRDA:67,14,1,0
BRF:32
BRH:0
end_of_record
TN:
SF:src\middleware\requireRole.js
FN:2,requireRole
FN:3,(anonymous_1)
FNF:2
FNH:1
FNDA:18,requireRole
FNDA:0,(anonymous_1)
DA:3,18
DA:4,0
DA:5,0
DA:6,0
DA:7,0
DA:11,1
LF:6
LH:2
BRDA:5,0,0,0
BRDA:5,0,1,0
BRDA:6,1,0,0
BRDA:6,1,1,0
BRF:4
BRH:0
end_of_record
TN:
SF:src\middleware\upload.js
FN:9,(anonymous_0)
FN:10,(anonymous_1)
FNF:2
FNH:0
FNDA:0,(anonymous_0)
FNDA:0,(anonymous_1)
DA:1,0
DA:2,0
DA:3,0
DA:5,0
DA:6,0
DA:8,0
DA:9,0
DA:11,0
DA:12,0
DA:16,0
DA:21,0
LF:11
LH:0
BRDA:11,0,0,0
BRDA:11,0,1,0
BRDA:12,1,0,0
BRDA:12,1,1,0
BRF:4
BRH:0
end_of_record
TN:
SF:src\middleware\upload.middleware.js
FN:6,(anonymous_0)
FN:9,(anonymous_1)
FNF:2
FNH:0
FNDA:0,(anonymous_0)
FNDA:0,(anonymous_1)
DA:1,1
DA:2,1
DA:5,1
DA:7,0
DA:10,0
DA:11,0
DA:15,1
DA:17,1
LF:8
LH:5
BRF:0
BRH:0
end_of_record
TN:
SF:src\middleware\uploads.js
FN:6,(anonymous_0)
FN:10,(anonymous_1)
FN:17,(anonymous_2)
FNF:3
FNH:0
FNDA:0,(anonymous_0)
FNDA:0,(anonymous_1)
FNDA:0,(anonymous_2)
DA:1,1
DA:2,1
DA:4,1
DA:7,0
DA:11,0
DA:12,0
DA:17,1
DA:19,0
DA:25,0
DA:26,0
DA:28,0
DA:33,1
DA:38,1
LF:13
LH:6
BRDA:25,0,0,0
BRDA:25,0,1,0
BRF:2
BRH:0
end_of_record
TN:
SF:src\middleware\verifyToken.js
FN:3,verifyToken
FNF:1
FNH:0
FNDA:0,verifyToken
DA:1,1
DA:4,0
DA:5,0
DA:7,0
DA:8,0
DA:9,0
DA:10,0
DA:12,0
DA:16,1
LF:9
LH:2
BRDA:5,0,0,0
BRDA:5,0,1,0
BRF:2
BRH:0
end_of_record
TN:
SF:src\models\Architect.js
FNF:0
FNH:0
DA:1,1
DA:2,1
DA:4,1
DA:40,1
LF:4
LH:4
BRF:0
BRH:0
end_of_record
TN:
SF:src\models\ArchiveRequest.js
FNF:0
FNH:0
DA:3,1
DA:4,1
DA:6,1
DA:57,1
LF:4
LH:4
BRF:0
BRH:0
end_of_record
TN:
SF:src\models\ArchiveRequestMessage.js
FNF:0
FNH:0
DA:3,1
DA:4,1
DA:6,1
DA:42,1
LF:4
LH:4
BRF:0
BRH:0
end_of_record
TN:
SF:src\models\CommercialContact.js
FNF:0
FNH:0
DA:1,1
DA:2,1
DA:4,1
DA:123,1
LF:4
LH:4
BRF:0
BRH:0
end_of_record
TN:
SF:src\models\CommercialContactAction.js
FNF:0
FNH:0
DA:1,1
DA:2,1
DA:4,1
DA:73,1
LF:4
LH:4
BRF:0
BRH:0
end_of_record
TN:
SF:src\models\CommercialContactProduct.js
FNF:0
FNH:0
DA:1,1
DA:2,1
DA:4,1
DA:36,1
LF:4
LH:4
BRF:0
BRH:0
end_of_record
TN:
SF:src\models\CommercialContactRelance.js
FNF:0
FNH:0
DA:1,1
DA:2,1
DA:4,1
DA:56,1
LF:4
LH:4
BRF:0
BRH:0
end_of_record
TN:
SF:src\models\CommercialContactReminder.js
FNF:0
FNH:0
DA:1,1
DA:2,1
DA:4,1
DA:43,1
LF:4
LH:4
BRF:0
BRH:0
end_of_record
TN:
SF:src\models\CommercialProject.js
FNF:0
FNH:0
DA:1,1
DA:2,1
DA:4,1
DA:44,1
LF:4
LH:4
BRF:0
BRH:0
end_of_record
TN:
SF:src\models\Company.js
FNF:0
FNH:0
DA:1,1
DA:2,1
DA:4,1
DA:31,1
LF:4
LH:4
BRF:0
BRH:0
end_of_record
TN:
SF:src\models\Engineer.js
FNF:0
FNH:0
DA:1,1
DA:2,1
DA:4,1
DA:40,1
LF:4
LH:4
BRF:0
BRH:0
end_of_record
TN:
SF:src\models\Notification.js
FNF:0
FNH:0
DA:1,1
DA:2,1
DA:4,1
DA:79,1
LF:4
LH:4
BRF:0
BRH:0
end_of_record
TN:
SF:src\models\PipelineStage.js
FNF:0
FNH:0
DA:1,1
DA:2,1
DA:4,1
DA:70,1
LF:4
LH:4
BRF:0
BRH:0
end_of_record
TN:
SF:src\models\Project.js
FN:219,_fetchDefaultStageId
FN:235,getDefaultStageId
FN:239,(anonymous_2)
FN:245,(anonymous_3)
FN:247,(anonymous_4)
FNF:5
FNH:0
FNDA:0,_fetchDefaultStageId
FNDA:0,getDefaultStageId
FNDA:0,(anonymous_2)
FNDA:0,(anonymous_3)
FNDA:0,(anonymous_4)
DA:1,1
DA:2,1
DA:4,1
DA:217,1
DA:220,0
DA:221,0
DA:228,0
DA:231,0
DA:236,0
DA:237,0
DA:239,0
DA:241,0
DA:245,1
DA:247,1
DA:248,0
DA:249,0
DA:250,0
DA:253,1
LF:18
LH:7
BRDA:228,0,0,0
BRDA:228,0,1,0
BRDA:236,1,0,0
BRDA:236,1,1,0
BRDA:248,2,0,0
BRDA:248,2,1,0
BRDA:250,3,0,0
BRDA:250,3,1,0
BRF:8
BRH:0
end_of_record
TN:
SF:src\models\ProjectAction.js
FNF:0
FNH:0
DA:1,1
DA:2,1
DA:4,1
DA:75,1
LF:4
LH:4
BRF:0
BRH:0
end_of_record
TN:
SF:src\models\ProjectActionType.js
FNF:0
FNH:0
DA:1,1
DA:2,1
DA:4,1
DA:42,1
LF:4
LH:4
BRF:0
BRH:0
end_of_record
TN:
SF:src\models\ProjectActivity.js
FNF:0
FNH:0
DA:1,1
DA:2,1
DA:4,1
DA:51,1
LF:4
LH:4
BRF:0
BRH:0
end_of_record
TN:
SF:src\models\ProjectBonDeCommande.js
FNF:0
FNH:0
DA:2,1
DA:3,1
DA:5,1
DA:19,1
LF:4
LH:4
BRF:0
BRH:0
end_of_record
TN:
SF:src\models\ProjectComment.js
FNF:0
FNH:0
DA:1,1
DA:2,1
DA:4,1
DA:27,1
LF:4
LH:4
BRF:0
BRH:0
end_of_record
TN:
SF:src\models\ProjectDevis.js
FNF:0
FNH:0
DA:1,1
DA:2,1
DA:4,1
DA:18,1
LF:4
LH:4
BRF:0
BRH:0
end_of_record
TN:
SF:src\models\ProjectMember.js
FNF:0
FNH:0
DA:1,1
DA:2,1
DA:4,1
DA:23,1
LF:4
LH:4
BRF:0
BRH:0
end_of_record
TN:
SF:src\models\ProjectReminder.js
FNF:0
FNH:0
DA:1,1
DA:2,1
DA:4,1
DA:43,1
LF:4
LH:4
BRF:0
BRH:0
end_of_record
TN:
SF:src\models\Task.js
FNF:0
FNH:0
DA:1,1
DA:2,1
DA:4,1
DA:32,1
LF:4
LH:4
BRF:0
BRH:0
end_of_record
TN:
SF:src\models\User.js
FNF:0
FNH:0
DA:2,1
DA:3,1
DA:5,1
DA:33,1
LF:4
LH:4
BRF:0
BRH:0
end_of_record
TN:
SF:src\models\UserProfile.js
FNF:0
FNH:0
DA:2,1
DA:3,1
DA:5,1
DA:38,1
LF:4
LH:4
BRF:0
BRH:0
end_of_record
TN:
SF:src\models\UserProject.js
FNF:0
FNH:0
DA:2,1
DA:3,1
DA:5,1
DA:24,1
LF:4
LH:4
BRF:0
BRH:0
end_of_record
TN:
SF:src\models\associations.js
FNF:0
FNH:0
DA:1,1
DA:2,1
DA:3,1
DA:4,1
DA:5,1
DA:6,1
DA:7,1
DA:8,1
DA:9,1
DA:10,1
DA:11,1
DA:12,1
DA:13,1
DA:15,1
DA:16,1
DA:17,1
DA:18,1
DA:19,1
DA:20,1
DA:21,1
DA:22,1
DA:24,1
DA:25,1
DA:26,1
DA:27,1
DA:28,1
DA:32,1
DA:38,1
DA:45,1
DA:51,1
DA:58,1
DA:63,1
DA:70,1
DA:75,1
DA:82,1
DA:88,1
DA:93,1
DA:98,1
DA:105,1
DA:106,1
DA:108,1
DA:109,1
DA:111,1
DA:112,1
DA:116,1
DA:122,1
DA:128,1
DA:129,1
DA:130,1
DA:131,1
DA:135,1
DA:141,1
DA:143,1
DA:145,1
DA:147,1
DA:148,1
DA:152,1
DA:153,1
DA:157,1
DA:158,1
DA:162,1
DA:163,1
DA:164,1
DA:165,1
DA:169,1
DA:174,1
DA:178,1
DA:183,1
DA:187,1
DA:188,1
DA:190,1
DA:191,1
DA:195,1
DA:200,1
DA:205,1
DA:210,1
DA:215,1
DA:216,1
DA:218,1
DA:219,1
DA:226,1
DA:231,1
DA:233,1
DA:234,1
DA:238,1
DA:243,1
DA:244,1
DA:246,1
DA:251,1
DA:255,1
DA:259,1
DA:263,1
DA:267,1
DA:269,1
DA:274,1
DA:278,1
DA:285,1
DA:287,1
DA:289,1
DA:290,1
DA:292,1
DA:293,1
DA:295,1
DA:296,1
DA:297,1
DA:298,1
DA:300,1
DA:304,1
LF:108
LH:108
BRF:0
BRH:0
end_of_record
TN:
SF:src\models\client.model.js
FNF:0
FNH:0
DA:1,1
DA:2,1
DA:3,1
DA:57,1
LF:4
LH:4
BRF:0
BRH:0
end_of_record
TN:
SF:src\models\index.js
FNF:0
FNH:0
DA:1,0
DA:2,0
DA:3,0
DA:4,0
DA:5,0
DA:6,0
DA:7,0
DA:8,0
DA:9,0
DA:11,0
DA:13,0
LF:11
LH:0
BRF:0
BRH:0
end_of_record
TN:
SF:src\modules\archive-requests\controllers\archiveRequest.controller.js
FN:13,handle
FN:44,normalizeRequest
FN:94,createRequest
FN:125,getAllRequests
FN:152,getMyRequests
FN:188,getAdminRequests
FN:209,getPendingRequests
FN:233,getMessages
FN:244,addMessage
FN:259,approveRequest
FN:281,rejectRequest
FNF:11
FNH:0
FNDA:0,handle
FNDA:0,normalizeRequest
FNDA:0,createRequest
FNDA:0,getAllRequests
FNDA:0,getMyRequests
FNDA:0,getAdminRequests
FNDA:0,getPendingRequests
FNDA:0,getMessages
FNDA:0,addMessage
FNDA:0,approveRequest
FNDA:0,rejectRequest
DA:3,1
DA:4,1
DA:5,1
DA:6,1
DA:7,1
DA:9,1
DA:11,1
DA:14,0
DA:15,0
DA:16,0
DA:25,1
DA:33,1
DA:45,0
DA:46,0
DA:47,0
DA:48,0
DA:51,0
DA:53,0
DA:84,0
DA:85,0
DA:86,0
DA:87,0
DA:89,0
DA:95,0
DA:96,0
DA:98,0
DA:99,0
DA:101,0
DA:102,0
DA:103,0
DA:105,0
DA:106,0
DA:109,0
DA:114,0
DA:116,0
DA:117,0
DA:119,0
DA:126,0
DA:127,0
DA:128,0
DA:130,0
DA:131,0
DA:134,0
DA:140,0
DA:142,0
DA:144,0
DA:153,0
DA:154,0
DA:155,0
DA:156,0
DA:157,0
DA:159,0
DA:160,0
DA:164,0
DA:165,0
DA:171,0
DA:178,0
DA:180,0
DA:182,0
DA:189,0
DA:190,0
DA:191,0
DA:193,0
DA:194,0
DA:197,0
DA:199,0
DA:201,0
DA:203,0
DA:210,0
DA:211,0
DA:213,0
DA:214,0
DA:217,0
DA:223,0
DA:225,0
DA:227,0
DA:234,0
DA:235,0
DA:236,0
DA:238,0
DA:245,0
DA:246,0
DA:247,0
DA:248,0
DA:250,0
DA:251,0
DA:253,0
DA:260,0
DA:261,0
DA:262,0
DA:263,0
DA:265,0
DA:266,0
DA:269,0
DA:271,0
DA:273,0
DA:275,0
DA:282,0
DA:283,0
DA:284,0
DA:285,0
DA:287,0
DA:288,0
DA:291,0
DA:293,0
DA:295,0
DA:297,0
DA:301,1
LF:108
LH:10
BRDA:14,0,0,0
BRDA:14,0,1,0
BRDA:15,1,0,0
BRDA:15,1,1,0
BRDA:18,2,0,0
BRDA:18,2,1,0
BRDA:19,3,0,0
BRDA:19,3,1,0
BRDA:45,4,0,0
BRDA:45,4,1,0
BRDA:46,5,0,0
BRDA:46,5,1,0
BRDA:47,6,0,0
BRDA:47,6,1,0
BRDA:48,7,0,0
BRDA:48,7,1,0
BRDA:51,8,0,0
BRDA:51,8,1,0
BRDA:51,8,2,0
BRDA:64,9,0,0
BRDA:64,9,1,0
BRDA:67,10,0,0
BRDA:67,10,1,0
BRDA:67,10,2,0
BRDA:68,11,0,0
BRDA:68,11,1,0
BRDA:68,11,2,0
BRDA:75,12,0,0
BRDA:75,12,1,0
BRDA:75,12,2,0
BRDA:76,13,0,0
BRDA:76,13,1,0
BRDA:80,14,0,0
BRDA:80,14,1,0
BRDA:98,15,0,0
BRDA:98,15,1,0
BRDA:98,16,0,0
BRDA:98,16,1,0
BRDA:99,17,0,0
BRDA:99,17,1,0
BRDA:105,18,0,0
BRDA:105,18,1,0
BRDA:105,19,0,0
BRDA:105,19,1,0
BRDA:105,19,2,0
BRDA:116,20,0,0
BRDA:116,20,1,0
BRDA:117,21,0,0
BRDA:117,21,1,0
BRDA:130,22,0,0
BRDA:130,22,1,0
BRDA:159,23,0,0
BRDA:159,23,1,0
BRDA:164,24,0,0
BRDA:164,24,1,0
BRDA:193,25,0,0
BRDA:193,25,1,0
BRDA:197,26,0,0
BRDA:197,26,1,0
BRDA:213,27,0,0
BRDA:213,27,1,0
BRDA:247,28,0,0
BRDA:247,28,1,0
BRDA:247,29,0,0
BRDA:247,29,1,0
BRDA:265,30,0,0
BRDA:265,30,1,0
BRDA:287,31,0,0
BRDA:287,31,1,0
BRDA:291,32,0,0
BRDA:291,32,1,0
BRF:71
BRH:0
end_of_record
TN:
SF:src\modules\archive-requests\routes\archiveRequest.routes.js
FN:10,(anonymous_0)
FNF:1
FNH:0
FNDA:0,(anonymous_0)
DA:3,1
DA:4,1
DA:5,1
DA:7,1
DA:10,1
DA:11,1
DA:12,1
DA:13,1
DA:14,1
DA:17,1
DA:20,1
DA:21,1
DA:22,1
DA:23,1
DA:25,1
LF:15
LH:15
BRF:0
BRH:0
end_of_record
TN:
SF:src\modules\archive-requests\services\archiveRequest.service.js
FN:20,_sendHtml
FN:38,_userShape
FN:44,_getAdmins
FN:53,_buildAdminEmail
FN:162,createRequest
FN:221,(anonymous_5)
FN:226,approveRequest
FN:256,rejectRequest
FN:281,addMessage
FN:309,getMyRequests
FN:318,getAdminRequests
FN:329,getMessages
FN:350,(anonymous_12)
FNF:13
FNH:0
FNDA:0,_sendHtml
FNDA:0,_userShape
FNDA:0,_getAdmins
FNDA:0,_buildAdminEmail
FNDA:0,createRequest
FNDA:0,(anonymous_5)
FNDA:0,approveRequest
FNDA:0,rejectRequest
FNDA:0,addMessage
FNDA:0,getMyRequests
FNDA:0,getAdminRequests
FNDA:0,getMessages
FNDA:0,(anonymous_12)
DA:3,1
DA:4,1
DA:5,1
DA:6,1
DA:7,1
DA:8,1
DA:9,1
DA:10,1
DA:12,1
DA:21,0
DA:22,0
DA:24,0
DA:30,1
DA:39,0
DA:40,0
DA:41,0
DA:45,0
DA:54,0
DA:58,0
DA:145,1
DA:153,1
DA:163,0
DA:164,0
DA:165,0
DA:167,0
DA:170,0
DA:171,0
DA:172,0
DA:173,0
DA:174,0
DA:178,0
DA:182,0
DA:184,0
DA:189,0
DA:199,0
DA:207,0
DA:208,0
DA:211,0
DA:212,0
DA:221,0
DA:223,0
DA:227,0
DA:228,0
DA:229,0
DA:231,0
DA:233,0
DA:238,0
DA:247,0
DA:253,0
DA:257,0
DA:258,0
DA:259,0
DA:261,0
DA:263,0
DA:272,0
DA:278,0
DA:282,0
DA:283,0
DA:284,0
DA:286,0
DA:291,0
DA:293,0
DA:302,0
DA:303,0
DA:304,0
DA:306,0
DA:310,0
DA:319,0
DA:320,0
DA:322,0
DA:330,0
DA:331,0
DA:333,0
DA:334,0
DA:336,0
DA:350,0
DA:351,0
DA:352,0
DA:356,1
LF:79
LH:13
BRDA:14,0,0,1
BRDA:14,0,1,0
BRDA:39,1,0,0
BRDA:39,1,1,0
BRDA:40,2,0,0
BRDA:40,2,1,0
BRDA:41,3,0,0
BRDA:41,3,1,0
BRDA:164,4,0,0
BRDA:164,4,1,0
BRDA:165,5,0,0
BRDA:165,5,1,0
BRDA:170,6,0,0
BRDA:170,6,1,0
BRDA:182,7,0,0
BRDA:182,7,1,0
BRDA:211,8,0,0
BRDA:211,8,1,0
BRDA:211,8,2,0
BRDA:215,9,0,0
BRDA:215,9,1,0
BRDA:228,10,0,0
BRDA:228,10,1,0
BRDA:229,11,0,0
BRDA:229,11,1,0
BRDA:258,12,0,0
BRDA:258,12,1,0
BRDA:259,13,0,0
BRDA:259,13,1,0
BRDA:267,14,0,0
BRDA:267,14,1,0
BRDA:275,15,0,0
BRDA:275,15,1,0
BRDA:283,16,0,0
BRDA:283,16,1,0
BRDA:284,17,0,0
BRDA:284,17,1,0
BRDA:302,18,0,0
BRDA:302,18,1,0
BRDA:303,19,0,0
BRDA:303,19,1,0
BRDA:303,20,0,0
BRDA:303,20,1,0
BRDA:320,21,0,0
BRDA:320,21,1,0
BRDA:331,22,0,0
BRDA:331,22,1,0
BRDA:334,23,0,0
BRDA:334,23,1,0
BRDA:334,24,0,0
BRDA:334,24,1,0
BRF:51
BRH:1
end_of_record
TN:
SF:src\modules\commercial-contacts\controllers\commercialContactKpi.controller.js
FN:7,handle
FN:16,getKPI
FN:87,getAnalytics
FN:99,getKPIMe
FN:113,getMyKpiEndpoint
FNF:5
FNH:0
FNDA:0,handle
FNDA:0,getKPI
FNDA:0,getAnalytics
FNDA:0,getKPIMe
FNDA:0,getMyKpiEndpoint
DA:3,1
DA:5,1
DA:8,0
DA:9,0
DA:10,0
DA:17,0
DA:18,0
DA:21,0
DA:23,0
DA:24,0
DA:26,0
DA:27,0
DA:28,0
DA:29,0
DA:30,0
DA:31,0
DA:34,0
DA:35,0
DA:36,0
DA:38,0
DA:39,0
DA:41,0
DA:57,0
DA:58,0
DA:60,0
DA:61,0
DA:63,0
DA:81,0
DA:88,0
DA:89,0
DA:90,0
DA:91,0
DA:92,0
DA:94,0
DA:100,0
DA:101,0
DA:102,0
DA:103,0
DA:104,0
DA:106,0
DA:114,0
DA:115,0
DA:116,0
DA:120,0
DA:121,0
DA:123,0
DA:125,0
DA:127,0
DA:129,0
DA:131,0
DA:135,1
LF:51
LH:3
BRDA:8,0,0,0
BRDA:8,0,1,0
BRDA:9,1,0,0
BRDA:9,1,1,0
BRDA:10,2,0,0
BRDA:10,2,1,0
BRDA:21,3,0,0
BRDA:21,3,1,0
BRDA:24,4,0,0
BRDA:24,4,1,0
BRDA:34,5,0,0
BRDA:34,5,1,0
BRDA:69,6,0,0
BRDA:69,6,1,0
BRDA:70,7,0,0
BRDA:70,7,1,0
BRDA:89,8,0,0
BRDA:89,8,1,0
BRDA:90,9,0,0
BRDA:90,9,1,0
BRDA:102,10,0,0
BRDA:102,10,1,0
BRDA:116,11,0,0
BRDA:116,11,1,0
BRDA:123,12,0,0
BRDA:123,12,1,0
BRF:26
BRH:0
end_of_record
TN:
SF:src\modules\commercial-contacts\routes\commercialContactKpi.routes.js
FNF:0
FNH:0
DA:3,1
DA:4,1
DA:5,1
DA:6,1
DA:11,1
DA:21,1
DA:30,1
DA:38,1
DA:45,1
LF:9
LH:9
BRF:0
BRH:0
end_of_record
TN:
SF:src\modules\commercial-contacts\services\commercialContactKpi.service.js
FN:12,_where
FN:13,_whereJoin
FN:14,_andUser
FN:15,_andUserJoin
FN:16,_rep
FN:22,_getGlobalKPIs
FN:52,_getUsersPerformance
FN:76,(anonymous_7)
FN:90,_getStatusDistribution
FN:100,_getTypeDistribution
FN:110,_getMonthlyActivity
FN:125,_getTopCompanies
FN:141,_computeTopUsers
FN:143,(anonymous_13)
FN:144,(anonymous_14)
FN:145,(anonymous_15)
FN:146,(anonymous_16)
FN:158,(anonymous_17)
FN:159,(anonymous_18)
FN:162,getCommercialContactKPI
FN:185,_getGlobalAnalytics
FN:213,_getUsersPerformanceAnalytics
FN:237,(anonymous_22)
FN:238,(anonymous_23)
FN:239,(anonymous_24)
FN:240,(anonymous_25)
FN:258,(anonymous_26)
FN:259,(anonymous_27)
FN:264,_computeTopCommercials
FN:266,(anonymous_29)
FN:267,(anonymous_30)
FN:268,(anonymous_31)
FN:269,(anonymous_32)
FN:270,(anonymous_33)
FN:286,_getStatusDistributionWithPct
FN:299,_getTypeDistributionWithPct
FN:312,_contactsByCommercial
FN:314,(anonymous_37)
FN:315,(anonymous_38)
FN:318,_callsByCommercial
FN:320,(anonymous_40)
FN:321,(anonymous_41)
FN:324,_getMonthlyActivityAnalytics
FN:339,getCommercialContactAnalytics
FN:371,_getMyGlobal
FN:392,_getMyStatusDistribution
FN:402,_getMyTypeDistribution
FN:412,_getMonthlyCalls
FN:426,getMyKPI
FN:451,getPersonalKPISummary
FNF:50
FNH:0
FNDA:0,_where
FNDA:0,_whereJoin
FNDA:0,_andUser
FNDA:0,_andUserJoin
FNDA:0,_rep
FNDA:0,_getGlobalKPIs
FNDA:0,_getUsersPerformance
FNDA:0,(anonymous_7)
FNDA:0,_getStatusDistribution
FNDA:0,_getTypeDistribution
FNDA:0,_getMonthlyActivity
FNDA:0,_getTopCompanies
FNDA:0,_computeTopUsers
FNDA:0,(anonymous_13)
FNDA:0,(anonymous_14)
FNDA:0,(anonymous_15)
FNDA:0,(anonymous_16)
FNDA:0,(anonymous_17)
FNDA:0,(anonymous_18)
FNDA:0,getCommercialContactKPI
FNDA:0,_getGlobalAnalytics
FNDA:0,_getUsersPerformanceAnalytics
FNDA:0,(anonymous_22)
FNDA:0,(anonymous_23)
FNDA:0,(anonymous_24)
FNDA:0,(anonymous_25)
FNDA:0,(anonymous_26)
FNDA:0,(anonymous_27)
FNDA:0,_computeTopCommercials
FNDA:0,(anonymous_29)
FNDA:0,(anonymous_30)
FNDA:0,(anonymous_31)
FNDA:0,(anonymous_32)
FNDA:0,(anonymous_33)
FNDA:0,_getStatusDistributionWithPct
FNDA:0,_getTypeDistributionWithPct
FNDA:0,_contactsByCommercial
FNDA:0,(anonymous_37)
FNDA:0,(anonymous_38)
FNDA:0,_callsByCommercial
FNDA:0,(anonymous_40)
FNDA:0,(anonymous_41)
FNDA:0,_getMonthlyActivityAnalytics
FNDA:0,getCommercialContactAnalytics
FNDA:0,_getMyGlobal
FNDA:0,_getMyStatusDistribution
FNDA:0,_getMyTypeDistribution
FNDA:0,_getMonthlyCalls
FNDA:0,getMyKPI
FNDA:0,getPersonalKPISummary
DA:3,1
DA:5,1
DA:6,1
DA:12,0
DA:13,0
DA:14,0
DA:15,0
DA:16,0
DA:23,0
DA:24,0
DA:25,0
DA:41,0
DA:53,0
DA:76,0
DA:91,0
DA:101,0
DA:111,0
DA:126,0
DA:142,0
DA:143,0
DA:144,0
DA:145,0
DA:146,0
DA:148,0
DA:152,0
DA:158,0
DA:159,0
DA:163,0
DA:164,0
DA:168,0
DA:176,0
DA:177,0
DA:178,0
DA:186,0
DA:202,0
DA:214,0
DA:236,0
DA:237,0
DA:238,0
DA:239,0
DA:240,0
DA:241,0
DA:243,0
DA:247,0
DA:258,0
DA:259,0
DA:262,1
DA:265,0
DA:266,0
DA:267,0
DA:268,0
DA:269,0
DA:270,0
DA:271,0
DA:272,0
DA:273,0
DA:274,0
DA:275,0
DA:276,0
DA:277,0
DA:287,0
DA:300,0
DA:313,0
DA:314,0
DA:315,0
DA:319,0
DA:320,0
DA:321,0
DA:325,0
DA:340,0
DA:341,0
DA:345,0
DA:353,0
DA:354,0
DA:355,0
DA:356,0
DA:359,0
DA:372,0
DA:383,0
DA:393,0
DA:403,0
DA:413,0
DA:427,0
DA:428,0
DA:429,0
DA:435,0
DA:436,0
DA:452,0
DA:453,0
DA:457,0
DA:460,0
DA:464,0
DA:503,0
DA:505,0
DA:507,0
DA:517,1
LF:96
LH:5
BRDA:12,0,0,0
BRDA:12,0,1,0
BRDA:13,1,0,0
BRDA:13,1,1,0
BRDA:14,2,0,0
BRDA:14,2,1,0
BRDA:15,3,0,0
BRDA:15,3,1,0
BRDA:16,4,0,0
BRDA:16,4,1,0
BRDA:24,5,0,0
BRDA:24,5,1,0
BRDA:24,6,0,0
BRDA:24,6,1,0
BRDA:42,7,0,0
BRDA:42,7,1,0
BRDA:43,8,0,0
BRDA:43,8,1,0
BRDA:44,9,0,0
BRDA:44,9,1,0
BRDA:45,10,0,0
BRDA:45,10,1,0
BRDA:46,11,0,0
BRDA:46,11,1,0
BRDA:47,12,0,0
BRDA:47,12,1,0
BRDA:48,13,0,0
BRDA:48,13,1,0
BRDA:78,14,0,0
BRDA:78,14,1,0
BRDA:85,15,0,0
BRDA:85,15,1,0
BRDA:142,16,0,0
BRDA:142,16,1,0
BRDA:143,17,0,0
BRDA:143,17,1,0
BRDA:144,18,0,0
BRDA:144,18,1,0
BRDA:145,19,0,0
BRDA:145,19,1,0
BRDA:162,20,0,0
BRDA:164,21,0,0
BRDA:164,21,1,0
BRDA:203,22,0,0
BRDA:203,22,1,0
BRDA:204,23,0,0
BRDA:204,23,1,0
BRDA:205,24,0,0
BRDA:205,24,1,0
BRDA:206,25,0,0
BRDA:206,25,1,0
BRDA:207,26,0,0
BRDA:207,26,1,0
BRDA:208,27,0,0
BRDA:208,27,1,0
BRDA:209,28,0,0
BRDA:209,28,1,0
BRDA:236,29,0,0
BRDA:236,29,1,0
BRDA:237,30,0,0
BRDA:237,30,1,0
BRDA:238,31,0,0
BRDA:238,31,1,0
BRDA:239,32,0,0
BRDA:239,32,1,0
BRDA:241,33,0,0
BRDA:241,33,1,0
BRDA:248,34,0,0
BRDA:248,34,1,0
BRDA:265,35,0,0
BRDA:265,35,1,0
BRDA:266,36,0,0
BRDA:266,36,1,0
BRDA:267,37,0,0
BRDA:267,37,1,0
BRDA:268,38,0,0
BRDA:268,38,1,0
BRDA:269,39,0,0
BRDA:269,39,1,0
BRDA:272,40,0,0
BRDA:272,40,1,0
BRDA:273,41,0,0
BRDA:273,41,1,0
BRDA:274,42,0,0
BRDA:274,42,1,0
BRDA:275,43,0,0
BRDA:275,43,1,0
BRDA:276,44,0,0
BRDA:276,44,1,0
BRDA:278,45,0,0
BRDA:278,45,1,0
BRDA:339,46,0,0
BRDA:341,47,0,0
BRDA:341,47,1,0
BRDA:384,48,0,0
BRDA:384,48,1,0
BRDA:385,49,0,0
BRDA:385,49,1,0
BRDA:386,50,0,0
BRDA:386,50,1,0
BRDA:387,51,0,0
BRDA:387,51,1,0
BRDA:388,52,0,0
BRDA:388,52,1,0
BRDA:451,53,0,0
BRDA:453,54,0,0
BRDA:453,54,1,0
BRDA:457,55,0,0
BRDA:457,55,1,0
BRDA:460,56,0,0
BRDA:460,56,1,0
BRDA:503,57,0,0
BRDA:503,57,1,0
BRDA:505,58,0,0
BRDA:505,58,1,0
BRDA:508,59,0,0
BRDA:508,59,1,0
BRDA:509,60,0,0
BRDA:509,60,1,0
BRDA:510,61,0,0
BRDA:510,61,1,0
BRDA:511,62,0,0
BRDA:511,62,1,0
BRF:123
BRH:0
end_of_record
TN:
SF:src\modules\dashboard\controllers\dashboard.controller.js
FN:5,getKPIs
FN:15,getKPIByRole
FN:34,getProfessionalDashboard
FNF:3
FNH:0
FNDA:0,getKPIs
FNDA:0,getKPIByRole
FNDA:0,getProfessionalDashboard
DA:3,1
DA:6,0
DA:7,0
DA:8,0
DA:10,0
DA:11,0
DA:16,0
DA:17,0
DA:18,0
DA:20,0
DA:21,0
DA:23,0
DA:25,0
DA:27,0
DA:29,0
DA:30,0
DA:35,0
DA:36,0
DA:37,0
DA:39,0
DA:40,0
DA:42,0
DA:44,0
DA:46,0
DA:48,0
DA:49,0
DA:53,1
LF:27
LH:2
BRDA:25,0,0,0
BRDA:25,0,1,0
BRF:2
BRH:0
end_of_record
TN:
SF:src\modules\dashboard\routes\dashboard.routes.js
FNF:0
FNH:0
DA:3,1
DA:4,1
DA:5,1
DA:6,1
DA:8,1
DA:11,1
DA:14,1
DA:17,1
DA:19,1
LF:9
LH:9
BRF:0
BRH:0
end_of_record
TN:
SF:src\modules\dashboard\services\dashboard.service.js
FN:16,getKPIs
FN:109,getAdminKPIs
FN:176,(anonymous_2)
FN:211,getUserKPIs
FN:363,(anonymous_4)
FN:450,(anonymous_5)
FN:457,getKPIByRole
FN:463,getProfessionalKPIs
FN:571,(anonymous_8)
FN:572,(anonymous_9)
FN:572,(anonymous_10)
FN:573,(anonymous_11)
FN:573,(anonymous_12)
FN:627,(anonymous_13)
FN:639,(anonymous_14)
FN:644,(anonymous_15)
FNF:16
FNH:0
FNDA:0,getKPIs
FNDA:0,getAdminKPIs
FNDA:0,(anonymous_2)
FNDA:0,getUserKPIs
FNDA:0,(anonymous_4)
FNDA:0,(anonymous_5)
FNDA:0,getKPIByRole
FNDA:0,getProfessionalKPIs
FNDA:0,(anonymous_8)
FNDA:0,(anonymous_9)
FNDA:0,(anonymous_10)
FNDA:0,(anonymous_11)
FNDA:0,(anonymous_12)
FNDA:0,(anonymous_13)
FNDA:0,(anonymous_14)
FNDA:0,(anonymous_15)
DA:3,1
DA:4,1
DA:5,1
DA:6,1
DA:7,1
DA:8,1
DA:9,1
DA:10,1
DA:12,1
DA:17,0
DA:18,0
DA:19,0
DA:21,0
DA:23,0
DA:28,0
DA:33,0
DA:35,0
DA:42,0
DA:44,0
DA:45,0
DA:46,0
DA:48,0
DA:55,0
DA:58,0
DA:60,0
DA:62,0
DA:67,0
DA:79,0
DA:80,0
DA:81,0
DA:82,0
DA:84,0
DA:97,0
DA:110,0
DA:115,0
DA:127,0
DA:129,0
DA:133,0
DA:136,0
DA:177,0
DA:178,0
DA:179,0
DA:180,0
DA:181,0
DA:195,0
DA:212,0
DA:213,0
DA:214,0
DA:215,0
DA:217,0
DA:220,0
DA:229,0
DA:230,0
DA:231,0
DA:241,0
DA:275,0
DA:276,0
DA:277,0
DA:278,0
DA:279,0
DA:280,0
DA:282,0
DA:283,0
DA:284,0
DA:287,0
DA:293,0
DA:302,0
DA:322,0
DA:323,0
DA:324,0
DA:325,0
DA:327,0
DA:335,0
DA:363,0
DA:381,0
DA:382,0
DA:389,0
DA:400,0
DA:401,0
DA:402,0
DA:403,0
DA:405,0
DA:425,0
DA:427,0
DA:450,0
DA:458,0
DA:464,0
DA:465,0
DA:467,0
DA:468,0
DA:470,0
DA:479,0
DA:490,0
DA:491,0
DA:492,0
DA:495,0
DA:496,0
DA:497,0
DA:498,0
DA:500,0
DA:528,0
DA:529,0
DA:530,0
DA:542,0
DA:552,0
DA:556,0
DA:571,0
DA:572,0
DA:573,0
DA:575,0
DA:585,0
DA:602,0
DA:609,0
DA:620,0
DA:627,0
DA:639,0
DA:644,0
DA:649,0
DA:681,0
DA:689,0
DA:692,1
LF:121
LH:10
BRDA:18,0,0,0
BRDA:18,0,1,0
BRDA:19,1,0,0
BRDA:19,1,1,0
BRDA:42,2,0,0
BRDA:42,2,1,0
BRDA:55,3,0,0
BRDA:55,3,1,0
BRDA:58,4,0,0
BRDA:58,4,1,0
BRDA:127,5,0,0
BRDA:127,5,1,0
BRDA:133,6,0,0
BRDA:133,6,1,0
BRDA:230,7,0,0
BRDA:230,7,1,0
BRDA:230,8,0,0
BRDA:230,8,1,0
BRDA:275,9,0,0
BRDA:275,9,1,0
BRDA:276,10,0,0
BRDA:276,10,1,0
BRDA:277,11,0,0
BRDA:277,11,1,0
BRDA:278,12,0,0
BRDA:278,12,1,0
BRDA:279,13,0,0
BRDA:279,13,1,0
BRDA:280,14,0,0
BRDA:280,14,1,0
BRDA:287,15,0,0
BRDA:287,15,1,0
BRDA:322,16,0,0
BRDA:322,16,1,0
BRDA:323,17,0,0
BRDA:323,17,1,0
BRDA:324,18,0,0
BRDA:324,18,1,0
BRDA:325,19,0,0
BRDA:325,19,1,0
BRDA:368,20,0,0
BRDA:368,20,1,0
BRDA:368,20,2,0
BRDA:369,21,0,0
BRDA:369,21,1,0
BRDA:375,22,0,0
BRDA:375,22,1,0
BRDA:378,23,0,0
BRDA:378,23,1,0
BRDA:381,24,0,0
BRDA:381,24,1,0
BRDA:448,25,0,0
BRDA:448,25,1,0
BRDA:458,26,0,0
BRDA:458,26,1,0
BRDA:465,27,0,0
BRDA:465,27,1,0
BRDA:467,28,0,0
BRDA:467,28,1,0
BRDA:468,29,0,0
BRDA:468,29,1,0
BRDA:491,30,0,0
BRDA:491,30,1,0
BRDA:492,31,0,0
BRDA:492,31,1,0
BRDA:529,32,0,0
BRDA:529,32,1,0
BRDA:552,33,0,0
BRDA:552,33,1,0
BRDA:580,34,0,0
BRDA:580,34,1,0
BRDA:670,35,0,0
BRDA:670,35,1,0
BRDA:674,36,0,0
BRDA:674,36,1,0
BRDA:675,37,0,0
BRDA:675,37,1,0
BRDA:676,38,0,0
BRDA:676,38,1,0
BRF:79
BRH:0
end_of_record
TN:
SF:src\modules\kanban\controllers\kanban.controller.js
FN:12,getKanban
FN:31,getStages
FN:50,getPipelineProjects
FN:65,moveStageFast
FNF:4
FNH:0
FNDA:0,getKanban
FNDA:0,getStages
FNDA:0,getPipelineProjects
FNDA:0,moveStageFast
DA:1,1
DA:2,1
DA:13,0
DA:14,0
DA:20,0
DA:22,0
DA:23,0
DA:32,0
DA:33,0
DA:34,0
DA:36,0
DA:37,0
DA:51,0
DA:52,0
DA:53,0
DA:55,0
DA:56,0
DA:66,0
DA:67,0
DA:68,0
DA:70,0
DA:71,0
DA:73,0
DA:74,0
DA:78,1
LF:25
LH:3
BRDA:17,0,0,0
BRDA:17,0,1,0
BRDA:18,1,0,0
BRDA:18,1,1,0
BRDA:23,2,0,0
BRDA:23,2,1,0
BRDA:37,3,0,0
BRDA:37,3,1,0
BRDA:56,4,0,0
BRDA:56,4,1,0
BRDA:56,5,0,0
BRDA:56,5,1,0
BRDA:68,6,0,0
BRDA:68,6,1,0
BRDA:74,7,0,0
BRDA:74,7,1,0
BRDA:74,8,0,0
BRDA:74,8,1,0
BRF:18
BRH:0
end_of_record
TN:
SF:src\modules\kanban\routes\kanban.routes.js
FNF:0
FNH:0
DA:1,1
DA:2,1
DA:3,1
DA:5,1
DA:8,1
DA:11,1
DA:14,1
DA:17,1
DA:19,1
LF:9
LH:9
BRF:0
BRH:0
end_of_record
TN:
SF:src\modules\kanban\services\kanban.service.js
FN:11,_invalidateStageCache
FN:25,getKanbanBoard
FN:75,toStageShape
FN:95,toOwnerShape
FN:124,_initials
FN:130,(anonymous_5)
FN:134,toProjectCard
FN:208,(anonymous_7)
FN:224,getStagesWithCount
FN:229,(anonymous_9)
FN:252,moveStageFast
FNF:11
FNH:0
FNDA:0,_invalidateStageCache
FNDA:0,getKanbanBoard
FNDA:0,toStageShape
FNDA:0,toOwnerShape
FNDA:0,_initials
FNDA:0,(anonymous_5)
FNDA:0,toProjectCard
FNDA:0,(anonymous_7)
FNDA:0,getStagesWithCount
FNDA:0,(anonymous_9)
FNDA:0,moveStageFast
DA:1,1
DA:2,1
DA:3,1
DA:4,1
DA:5,1
DA:8,1
DA:9,1
DA:12,0
DA:13,0
DA:27,0
DA:33,0
DA:35,0
DA:42,0
DA:43,0
DA:44,0
DA:47,0
DA:49,0
DA:50,0
DA:51,0
DA:52,0
DA:54,0
DA:58,0
DA:59,0
DA:61,0
DA:66,1
DA:76,0
DA:77,0
DA:96,0
DA:97,0
DA:98,0
DA:108,0
DA:109,0
DA:111,0
DA:112,0
DA:114,0
DA:125,0
DA:126,0
DA:130,0
DA:135,0
DA:137,0
DA:138,0
DA:141,0
DA:143,0
DA:147,0
DA:159,0
DA:160,0
DA:162,0
DA:209,0
DA:210,0
DA:225,0
DA:226,0
DA:228,0
DA:229,0
DA:230,0
DA:231,0
DA:243,0
DA:244,0
DA:253,0
DA:258,0
DA:261,0
DA:263,0
DA:266,1
LF:62
LH:9
BRDA:33,0,0,0
BRDA:33,0,1,0
BRDA:33,1,0,0
BRDA:33,1,1,0
BRDA:36,2,0,0
BRDA:36,2,1,0
BRDA:38,3,0,0
BRDA:38,3,1,0
BRDA:51,4,0,0
BRDA:51,4,1,0
BRDA:51,5,0,0
BRDA:51,5,1,0
BRDA:59,6,0,0
BRDA:59,6,1,0
BRDA:76,7,0,0
BRDA:76,7,1,0
BRDA:96,8,0,0
BRDA:96,8,1,0
BRDA:97,9,0,0
BRDA:97,9,1,0
BRDA:108,10,0,0
BRDA:108,10,1,0
BRDA:109,11,0,0
BRDA:109,11,1,0
BRDA:111,12,0,0
BRDA:111,12,1,0
BRDA:111,12,2,0
BRDA:111,13,0,0
BRDA:111,13,1,0
BRDA:112,14,0,0
BRDA:112,14,1,0
BRDA:116,15,0,0
BRDA:116,15,1,0
BRDA:125,16,0,0
BRDA:125,16,1,0
BRDA:135,17,0,0
BRDA:135,17,1,0
BRDA:137,18,0,0
BRDA:137,18,1,0
BRDA:137,18,2,0
BRDA:141,19,0,0
BRDA:141,19,1,0
BRDA:143,20,0,0
BRDA:143,20,1,0
BRDA:143,20,2,0
BRDA:147,21,0,0
BRDA:147,21,1,0
BRDA:159,22,0,0
BRDA:159,22,1,0
BRDA:160,23,0,0
BRDA:160,23,1,0
BRDA:167,24,0,0
BRDA:167,24,1,0
BRDA:167,24,2,0
BRDA:169,25,0,0
BRDA:169,25,1,0
BRDA:170,26,0,0
BRDA:170,26,1,0
BRDA:180,27,0,0
BRDA:180,27,1,0
BRDA:181,28,0,0
BRDA:181,28,1,0
BRDA:195,29,0,0
BRDA:195,29,1,0
BRDA:196,30,0,0
BRDA:196,30,1,0
BRDA:197,31,0,0
BRDA:197,31,1,0
BRDA:198,32,0,0
BRDA:198,32,1,0
BRDA:200,33,0,0
BRDA:200,33,1,0
BRDA:201,34,0,0
BRDA:201,34,1,0
BRDA:203,35,0,0
BRDA:203,35,1,0
BRDA:204,36,0,0
BRDA:204,36,1,0
BRDA:205,37,0,0
BRDA:205,37,1,0
BRDA:207,38,0,0
BRDA:207,38,1,0
BRDA:209,39,0,0
BRDA:209,39,1,0
BRDA:210,40,0,0
BRDA:210,40,1,0
BRDA:212,41,0,0
BRDA:212,41,1,0
BRDA:225,42,0,0
BRDA:225,42,1,0
BRDA:225,43,0,0
BRDA:225,43,1,0
BRDA:230,44,0,0
BRDA:230,44,1,0
BRDA:240,45,0,0
BRDA:240,45,1,0
BRDA:258,46,0,0
BRDA:258,46,1,0
BRF:98
BRH:0
end_of_record
TN:
SF:src\modules\pipeline\controllers\pipelineStage.controller.js
FN:3,handle
FN:10,getAll
FN:18,getById
FN:27,create
FN:35,update
FN:43,remove
FN:51,reorder
FNF:7
FNH:0
FNDA:0,handle
FNDA:0,getAll
FNDA:0,getById
FNDA:0,create
FNDA:0,update
FNDA:0,remove
FNDA:0,reorder
DA:1,1
DA:4,0
DA:5,0
DA:6,0
DA:7,0
DA:11,0
DA:12,0
DA:14,0
DA:19,0
DA:20,0
DA:22,0
DA:28,0
DA:29,0
DA:31,0
DA:36,0
DA:37,0
DA:39,0
DA:44,0
DA:45,0
DA:47,0
DA:52,0
DA:53,0
DA:55,0
DA:59,1
LF:24
LH:2
BRDA:4,0,0,0
BRDA:4,0,1,0
BRDA:5,1,0,0
BRDA:5,1,1,0
BRDA:6,2,0,0
BRDA:6,2,1,0
BRF:6
BRH:0
end_of_record
TN:
SF:src\modules\pipeline\dto\pipelineStage.dto.js
FN:4,toStageResponse
FN:18,(anonymous_1)
FN:29,toStageList
FNF:3
FNH:0
FNDA:0,toStageResponse
FNDA:0,(anonymous_1)
FNDA:0,toStageList
DA:5,0
DA:6,0
DA:7,0
DA:18,0
DA:30,0
DA:33,0
LF:6
LH:0
BRDA:5,0,0,0
BRDA:5,0,1,0
BRDA:6,1,0,0
BRDA:6,1,1,0
BRDA:18,2,0,0
BRDA:18,2,1,0
BRF:6
BRH:0
end_of_record
TN:
SF:src\modules\pipeline\repositories\pipelineStage.repository.js
FN:5,findAll
FN:12,findById
FN:18,findByName
FN:24,getMaxPosition
FN:29,create
FN:33,update
FN:42,destroy
FN:50,findAllWithProjectCount
FNF:8
FNH:0
FNDA:0,findAll
FNDA:0,findById
FNDA:0,findByName
FNDA:0,getMaxPosition
FNDA:0,create
FNDA:0,update
FNDA:0,destroy
FNDA:0,findAllWithProjectCount
DA:1,1
DA:2,1
DA:3,1
DA:6,0
DA:13,0
DA:19,0
DA:25,0
DA:26,0
DA:30,0
DA:34,0
DA:39,0
DA:43,0
DA:51,0
DA:75,1
LF:14
LH:4
BRDA:26,0,0,0
BRDA:26,0,1,0
BRDA:39,1,0,0
BRDA:39,1,1,0
BRF:4
BRH:0
end_of_record
TN:
SF:src\modules\pipeline\routes\pipelineStage.routes.js
FNF:0
FNH:0
DA:1,1
DA:2,1
DA:3,1
DA:4,1
DA:5,1
DA:7,1
DA:9,1
DA:10,1
DA:11,1
DA:12,1
DA:13,1
DA:14,1
DA:16,1
LF:13
LH:13
BRF:0
BRH:0
end_of_record
TN:
SF:src\modules\pipeline\services\pipelineStage.service.js
FN:6,getAllStages
FN:10,getStageById
FN:16,createStage
FN:59,updateStage
FN:82,deleteStage
FN:106,reorderStages
FN:110,(anonymous_6)
FNF:7
FNH:0
FNDA:0,getAllStages
FNDA:0,getStageById
FNDA:0,createStage
FNDA:0,updateStage
FNDA:0,deleteStage
FNDA:0,reorderStages
FNDA:0,(anonymous_6)
DA:1,1
DA:2,1
DA:3,1
DA:4,1
DA:7,0
DA:11,0
DA:12,0
DA:13,0
DA:17,0
DA:18,0
DA:19,0
DA:20,0
DA:22,0
DA:23,0
DA:39,0
DA:40,0
DA:51,0
DA:52,0
DA:54,0
DA:55,0
DA:60,0
DA:61,0
DA:62,0
DA:63,0
DA:65,0
DA:66,0
DA:67,0
DA:68,0
DA:70,0
DA:73,0
DA:74,0
DA:75,0
DA:77,0
DA:78,0
DA:83,0
DA:84,0
DA:85,0
DA:86,0
DA:88,0
DA:89,0
DA:90,0
DA:97,0
DA:98,0
DA:99,0
DA:101,0
DA:102,0
DA:107,0
DA:108,0
DA:109,0
DA:110,0
DA:112,0
DA:113,0
DA:115,0
DA:116,0
DA:120,1
LF:55
LH:5
BRDA:12,0,0,0
BRDA:12,0,1,0
BRDA:20,1,0,0
BRDA:20,1,1,0
BRDA:26,2,0,0
BRDA:26,2,1,0
BRDA:27,3,0,0
BRDA:27,3,1,0
BRDA:28,4,0,0
BRDA:28,4,1,0
BRDA:33,5,0,0
BRDA:33,5,1,0
BRDA:34,6,0,0
BRDA:34,6,1,0
BRDA:39,7,0,0
BRDA:39,7,1,0
BRDA:63,8,0,0
BRDA:63,8,1,0
BRDA:65,9,0,0
BRDA:65,9,1,0
BRDA:67,10,0,0
BRDA:67,10,1,0
BRDA:67,11,0,0
BRDA:67,11,1,0
BRDA:86,12,0,0
BRDA:86,12,1,0
BRDA:89,13,0,0
BRDA:89,13,1,0
BRF:28
BRH:0
end_of_record
TN:
SF:src\modules\pipeline\validators\pipelineStage.validator.js
FN:48,validate
FN:49,(anonymous_1)
FN:56,(anonymous_2)
FNF:3
FNH:1
FNDA:3,validate
FNDA:0,(anonymous_1)
FNDA:0,(anonymous_2)
DA:1,1
DA:3,1
DA:5,1
DA:22,1
DA:36,1
DA:49,3
DA:50,0
DA:54,0
DA:55,0
DA:56,0
DA:59,0
DA:60,0
DA:64,1
LF:13
LH:7
BRDA:54,0,0,0
BRDA:54,0,1,0
BRF:2
BRH:0
end_of_record
TN:
SF:src\modules\project-actions\controllers\projectAction.controller.js
FN:3,handle
FN:16,listActions
FN:24,getAction
FN:32,createAction
FN:42,updateAction
FN:60,deleteAction
FN:70,listActionTypes
FN:78,createActionType
FN:86,updateActionType
FN:94,deleteActionType
FNF:10
FNH:0
FNDA:0,handle
FNDA:0,listActions
FNDA:0,getAction
FNDA:0,createAction
FNDA:0,updateAction
FNDA:0,deleteAction
FNDA:0,listActionTypes
FNDA:0,createActionType
FNDA:0,updateActionType
FNDA:0,deleteActionType
DA:1,1
DA:4,0
DA:5,0
DA:6,0
DA:17,0
DA:18,0
DA:20,0
DA:25,0
DA:26,0
DA:28,0
DA:33,0
DA:34,0
DA:38,0
DA:43,0
DA:44,0
DA:45,0
DA:48,0
DA:49,0
DA:51,0
DA:56,0
DA:61,0
DA:62,0
DA:64,0
DA:71,0
DA:72,0
DA:74,0
DA:79,0
DA:80,0
DA:82,0
DA:87,0
DA:88,0
DA:90,0
DA:95,0
DA:96,0
DA:98,0
DA:102,1
LF:36
LH:2
BRDA:4,0,0,0
BRDA:4,0,1,0
BRDA:5,1,0,0
BRDA:5,1,1,0
BRDA:8,2,0,0
BRDA:8,2,1,0
BRDA:48,3,0,0
BRDA:48,3,1,0
BRF:8
BRH:0
end_of_record
TN:
SF:src\modules\project-actions\repositories\projectAction.repository.js
FN:17,findByProject
FN:27,findById
FN:31,create
FN:35,update
FN:44,destroy
FN:48,countByProject
FN:52,findLastByProject
FNF:7
FNH:0
FNDA:0,findByProject
FNDA:0,findById
FNDA:0,create
FNDA:0,update
FNDA:0,destroy
FNDA:0,countByProject
FNDA:0,findLastByProject
DA:1,1
DA:2,1
DA:3,1
DA:4,1
DA:6,1
DA:18,0
DA:28,0
DA:32,0
DA:36,0
DA:41,0
DA:45,0
DA:49,0
DA:53,0
DA:60,1
LF:14
LH:6
BRDA:17,0,0,0
BRDA:17,1,0,0
BRDA:17,2,0,0
BRDA:41,3,0,0
BRDA:41,3,1,0
BRF:5
BRH:0
end_of_record
TN:
SF:src\modules\project-actions\repositories\projectActionType.repository.js
FN:5,findAll
FN:12,findById
FN:18,findByName
FN:22,findByStageId
FN:26,create
FN:30,update
FN:39,destroy
FNF:7
FNH:0
FNDA:0,findAll
FNDA:0,findById
FNDA:0,findByName
FNDA:0,findByStageId
FNDA:0,create
FNDA:0,update
FNDA:0,destroy
DA:1,1
DA:2,1
DA:3,1
DA:6,0
DA:13,0
DA:19,0
DA:23,0
DA:27,0
DA:31,0
DA:36,0
DA:40,0
DA:43,1
LF:12
LH:4
BRDA:36,0,0,0
BRDA:36,0,1,0
BRF:2
BRH:0
end_of_record
TN:
SF:src\modules\project-actions\routes\projectAction.routes.js
FNF:0
FNH:0
DA:1,1
DA:2,1
DA:3,1
DA:4,1
DA:5,1
DA:6,1
DA:8,1
DA:14,1
DA:15,1
DA:16,1
DA:17,1
DA:18,1
DA:20,1
LF:13
LH:13
BRF:0
BRH:0
end_of_record
TN:
SF:src\modules\project-actions\routes\projectActionType.routes.js
FNF:0
FNH:0
DA:1,1
DA:2,1
DA:3,1
DA:4,1
DA:6,1
DA:9,1
DA:10,1
DA:11,1
DA:12,1
DA:14,1
LF:10
LH:10
BRF:0
BRH:0
end_of_record
TN:
SF:src\modules\project-actions\services\projectAction.service.js
FN:10,getProjectActions
FN:24,getActionById
FN:30,createAction
FN:118,updateAction
FN:148,(anonymous_4)
FN:180,deleteAction
FN:197,getAllActionTypes
FN:201,createActionType
FN:212,updateActionType
FN:224,deleteActionType
FNF:10
FNH:0
FNDA:0,getProjectActions
FNDA:0,getActionById
FNDA:0,createAction
FNDA:0,updateAction
FNDA:0,(anonymous_4)
FNDA:0,deleteAction
FNDA:0,getAllActionTypes
FNDA:0,createActionType
FNDA:0,updateActionType
FNDA:0,deleteActionType
DA:1,1
DA:2,1
DA:3,1
DA:4,1
DA:5,1
DA:6,1
DA:7,1
DA:8,1
DA:11,0
DA:12,0
DA:13,0
DA:15,0
DA:16,0
DA:25,0
DA:26,0
DA:27,0
DA:32,0
DA:33,0
DA:36,0
DA:37,0
DA:41,0
DA:46,0
DA:48,0
DA:50,0
DA:51,0
DA:52,0
DA:55,0
DA:56,0
DA:57,0
DA:61,0
DA:77,0
DA:78,0
DA:91,0
DA:97,0
DA:108,0
DA:109,0
DA:112,0
DA:113,0
DA:114,0
DA:119,0
DA:120,0
DA:123,0
DA:125,0
DA:126,0
DA:127,0
DA:128,0
DA:131,0
DA:134,0
DA:137,0
DA:138,0
DA:139,0
DA:140,0
DA:141,0
DA:142,0
DA:143,0
DA:146,0
DA:147,0
DA:148,0
DA:149,0
DA:153,0
DA:155,0
DA:157,0
DA:168,0
DA:171,0
DA:174,0
DA:175,0
DA:176,0
DA:181,0
DA:182,0
DA:183,0
DA:184,0
DA:186,0
DA:187,0
DA:188,0
DA:190,0
DA:191,0
DA:198,0
DA:202,0
DA:203,0
DA:204,0
DA:213,0
DA:214,0
DA:215,0
DA:216,0
DA:217,0
DA:218,0
DA:221,0
DA:225,0
DA:226,0
DA:227,0
DA:228,0
DA:231,1
LF:92
LH:9
BRDA:10,0,0,0
BRDA:11,1,0,0
BRDA:11,1,1,0
BRDA:12,2,0,0
BRDA:12,2,1,0
BRDA:26,3,0,0
BRDA:26,3,1,0
BRDA:32,4,0,0
BRDA:32,4,1,0
BRDA:32,5,0,0
BRDA:32,5,1,0
BRDA:41,6,0,0
BRDA:41,6,1,0
BRDA:41,6,2,0
BRDA:41,6,3,0
BRDA:52,7,0,0
BRDA:52,7,1,0
BRDA:56,8,0,0
BRDA:56,8,1,0
BRDA:64,9,0,0
BRDA:64,9,1,0
BRDA:66,10,0,0
BRDA:66,10,1,0
BRDA:67,11,0,0
BRDA:67,11,1,0
BRDA:68,12,0,0
BRDA:68,12,1,0
BRDA:69,13,0,0
BRDA:69,13,1,0
BRDA:70,14,0,0
BRDA:70,14,1,0
BRDA:77,15,0,0
BRDA:77,15,1,0
BRDA:83,16,0,0
BRDA:83,16,1,0
BRDA:119,17,0,0
BRDA:119,17,1,0
BRDA:119,18,0,0
BRDA:119,18,1,0
BRDA:128,19,0,0
BRDA:128,19,1,0
BRDA:134,20,0,0
BRDA:134,20,1,0
BRDA:134,20,2,0
BRDA:134,21,0,0
BRDA:134,21,1,0
BRDA:135,22,0,0
BRDA:135,22,1,0
BRDA:137,23,0,0
BRDA:137,23,1,0
BRDA:138,24,0,0
BRDA:138,24,1,0
BRDA:138,25,0,0
BRDA:138,25,1,0
BRDA:139,26,0,0
BRDA:139,26,1,0
BRDA:139,27,0,0
BRDA:139,27,1,0
BRDA:140,28,0,0
BRDA:140,28,1,0
BRDA:141,29,0,0
BRDA:141,29,1,0
BRDA:142,30,0,0
BRDA:142,30,1,0
BRDA:142,31,0,0
BRDA:142,31,1,0
BRDA:143,32,0,0
BRDA:143,32,1,0
BRDA:143,33,0,0
BRDA:143,33,1,0
BRDA:146,34,0,0
BRDA:146,34,1,0
BRDA:146,35,0,0
BRDA:146,35,1,0
BRDA:146,35,2,0
BRDA:149,36,0,0
BRDA:149,36,1,0
BRDA:162,37,0,0
BRDA:162,37,1,0
BRDA:184,38,0,0
BRDA:184,38,1,0
BRDA:203,39,0,0
BRDA:203,39,1,0
BRDA:206,40,0,0
BRDA:206,40,1,0
BRDA:207,41,0,0
BRDA:207,41,1,0
BRDA:208,42,0,0
BRDA:208,42,1,0
BRDA:214,43,0,0
BRDA:214,43,1,0
BRDA:215,44,0,0
BRDA:215,44,1,0
BRDA:217,45,0,0
BRDA:217,45,1,0
BRDA:217,46,0,0
BRDA:217,46,1,0
BRDA:226,47,0,0
BRDA:226,47,1,0
BRF:99
BRH:0
end_of_record
TN:
SF:src\modules\project-actions\validators\projectAction.validator.js
FN:20,(anonymous_0)
FN:59,validate
FN:60,(anonymous_2)
FN:69,(anonymous_3)
FNF:4
FNH:1
FNDA:0,(anonymous_0)
FNDA:2,validate
FNDA:0,(anonymous_2)
FNDA:0,(anonymous_3)
DA:1,1
DA:7,1
DA:21,0
DA:24,0
DA:25,0
DA:26,0
DA:27,0
DA:28,0
DA:30,0
DA:46,1
DA:60,2
DA:61,0
DA:65,0
DA:66,0
DA:69,0
DA:72,0
DA:73,0
DA:77,1
LF:18
LH:5
BRDA:21,0,0,0
BRDA:21,0,1,0
BRDA:27,1,0,0
BRDA:27,1,1,0
BRDA:65,2,0,0
BRDA:65,2,1,0
BRF:6
BRH:0
end_of_record
TN:
SF:src\modules\project-activities\controllers\projectActivity.controller.js
FN:6,handle
FN:10,listActivities
FNF:2
FNH:0
FNDA:0,handle
FNDA:0,listActivities
DA:1,1
DA:2,1
DA:4,1
DA:7,0
DA:11,0
DA:12,0
DA:13,0
DA:14,0
DA:16,0
DA:17,0
DA:21,0
DA:22,0
DA:26,0
DA:28,0
DA:32,1
LF:15
LH:4
BRDA:7,0,0,0
BRDA:7,0,1,0
BRDA:7,1,0,0
BRDA:7,1,1,0
BRDA:16,2,0,0
BRDA:16,2,1,0
BRDA:21,3,0,0
BRDA:21,3,1,0
BRF:8
BRH:0
end_of_record
TN:
SF:src\modules\project-activities\repositories\projectActivity.repository.js
FN:4,findByProject
FN:17,create
FNF:2
FNH:0
FNDA:0,findByProject
FNDA:0,create
DA:1,1
DA:2,1
DA:5,0
DA:6,0
DA:8,0
DA:18,0
DA:21,1
LF:7
LH:3
BRDA:4,0,0,0
BRDA:4,1,0,0
BRDA:4,2,0,0
BRDA:6,3,0,0
BRDA:6,3,1,0
BRF:5
BRH:0
end_of_record
TN:
SF:src\modules\project-activities\routes\projectActivity.routes.js
FNF:0
FNH:0
DA:1,1
DA:2,1
DA:3,1
DA:5,1
DA:8,1
DA:10,1
LF:6
LH:6
BRF:0
BRH:0
end_of_record
TN:
SF:src\modules\project-activities\services\projectActivity.service.js
FN:10,logActivity
FN:23,getProjectActivities
FNF:2
FNH:0
FNDA:0,logActivity
FNDA:0,getProjectActivities
DA:1,1
DA:11,0
DA:24,0
DA:25,0
DA:26,0
DA:28,0
DA:34,0
DA:42,1
LF:8
LH:2
BRDA:14,0,0,0
BRDA:14,0,1,0
BRDA:16,1,0,0
BRDA:16,1,1,0
BRDA:17,2,0,0
BRDA:17,2,1,0
BRDA:23,3,0,0
BRDA:24,4,0,0
BRDA:24,4,1,0
BRDA:25,5,0,0
BRDA:25,5,1,0
BRDA:31,6,0,0
BRDA:31,6,1,0
BRF:13
BRH:0
end_of_record
TN:
SF:src\modules\projects\controllers\project.controller.js
FN:38,(anonymous_0)
FN:39,(anonymous_1)
FN:40,(anonymous_2)
FN:41,(anonymous_3)
FN:46,(anonymous_4)
FN:51,handle
FN:60,assertAccess
FN:99,toActivityEvent
FN:122,toActionEvent
FN:130,(anonymous_9)
FN:131,(anonymous_10)
FN:159,toNoteShape
FN:175,listProjects
FN:190,moveStage
FN:200,assignOwner
FN:226,getAvailableStatuses
FN:236,updateStatus
FN:288,listStatuses
FN:295,getRelanceStatus
FN:302,getProject
FN:357,getTimeline
FN:384,(anonymous_21)
FN:394,getNotes
FN:413,createNote
FN:439,getProjectFull
FN:473,(anonymous_25)
FN:497,(anonymous_26)
FN:498,(anonymous_27)
FN:511,archiveProject
FN:551,unarchiveProject
FN:577,getMissingFields
FN:584,(anonymous_31)
FN:617,(anonymous_32)
FN:643,(anonymous_33)
FN:687,(anonymous_34)
FN:699,(anonymous_35)
FNF:36
FNH:0
FNDA:0,(anonymous_0)
FNDA:0,(anonymous_1)
FNDA:0,(anonymous_2)
FNDA:0,(anonymous_3)
FNDA:0,(anonymous_4)
FNDA:0,handle
FNDA:0,assertAccess
FNDA:0,toActivityEvent
FNDA:0,toActionEvent
FNDA:0,(anonymous_9)
FNDA:0,(anonymous_10)
FNDA:0,toNoteShape
FNDA:0,listProjects
FNDA:0,moveStage
FNDA:0,assignOwner
FNDA:0,getAvailableStatuses
FNDA:0,updateStatus
FNDA:0,listStatuses
FNDA:0,getRelanceStatus
FNDA:0,getProject
FNDA:0,getTimeline
FNDA:0,(anonymous_21)
FNDA:0,getNotes
FNDA:0,createNote
FNDA:0,getProjectFull
FNDA:0,(anonymous_25)
FNDA:0,(anonymous_26)
FNDA:0,(anonymous_27)
FNDA:0,archiveProject
FNDA:0,unarchiveProject
FNDA:0,getMissingFields
FNDA:0,(anonymous_31)
FNDA:0,(anonymous_32)
FNDA:0,(anonymous_33)
FNDA:0,(anonymous_34)
FNDA:0,(anonymous_35)
DA:1,1
DA:2,1
DA:3,1
DA:4,1
DA:5,1
DA:6,1
DA:7,1
DA:8,1
DA:9,1
DA:10,1
DA:11,1
DA:12,1
DA:13,1
DA:15,1
DA:19,1
DA:22,1
DA:37,1
DA:38,0
DA:39,0
DA:40,0
DA:42,0
DA:46,0
DA:49,1
DA:52,0
DA:53,0
DA:54,0
DA:61,0
DA:62,0
DA:66,0
DA:67,0
DA:68,0
DA:70,0
DA:71,0
DA:72,0
DA:74,0
DA:79,1
DA:90,1
DA:100,0
DA:101,0
DA:102,0
DA:103,0
DA:104,0
DA:123,0
DA:124,0
DA:125,0
DA:126,0
DA:128,0
DA:129,0
DA:130,0
DA:131,0
DA:133,0
DA:160,0
DA:161,0
DA:162,0
DA:176,0
DA:177,0
DA:178,0
DA:179,0
DA:180,0
DA:181,0
DA:182,0
DA:184,0
DA:191,0
DA:192,0
DA:194,0
DA:201,0
DA:202,0
DA:204,0
DA:210,1
DA:224,1
DA:227,0
DA:228,0
DA:229,0
DA:230,0
DA:237,0
DA:238,0
DA:239,0
DA:241,0
DA:242,0
DA:245,0
DA:248,0
DA:250,0
DA:251,0
DA:254,0
DA:255,0
DA:256,0
DA:257,0
DA:264,0
DA:265,0
DA:267,0
DA:274,0
DA:281,0
DA:289,0
DA:290,0
DA:296,0
DA:297,0
DA:303,0
DA:304,0
DA:305,0
DA:306,0
DA:308,0
DA:309,0
DA:311,0
DA:312,0
DA:315,0
DA:316,0
DA:317,0
DA:319,0
DA:321,0
DA:339,0
DA:348,0
DA:350,0
DA:358,0
DA:359,0
DA:360,0
DA:362,0
DA:381,0
DA:384,0
DA:386,0
DA:388,0
DA:395,0
DA:396,0
DA:397,0
DA:399,0
DA:405,0
DA:407,0
DA:414,0
DA:415,0
DA:416,0
DA:418,0
DA:419,0
DA:420,0
DA:423,0
DA:430,0
DA:432,0
DA:440,0
DA:441,0
DA:442,0
DA:443,0
DA:445,0
DA:446,0
DA:448,0
DA:449,0
DA:452,0
DA:454,0
DA:473,0
DA:474,0
DA:475,0
DA:476,0
DA:477,0
DA:480,0
DA:481,0
DA:483,0
DA:497,0
DA:498,0
DA:505,0
DA:512,0
DA:513,0
DA:514,0
DA:516,0
DA:519,0
DA:521,0
DA:525,0
DA:527,0
DA:528,0
DA:529,0
DA:530,0
DA:531,0
DA:533,0
DA:539,0
DA:545,0
DA:552,0
DA:553,0
DA:554,0
DA:556,0
DA:557,0
DA:559,0
DA:565,0
DA:567,0
DA:578,0
DA:579,0
DA:580,0
DA:583,0
DA:584,0
DA:586,0
DA:587,0
DA:593,0
DA:594,0
DA:595,0
DA:598,0
DA:599,0
DA:602,0
DA:607,0
DA:608,0
DA:616,0
DA:617,0
DA:620,0
DA:627,0
DA:635,0
DA:639,0
DA:642,0
DA:643,0
DA:646,0
DA:650,0
DA:651,0
DA:652,0
DA:656,0
DA:687,0
DA:699,0
DA:711,0
DA:720,0
DA:721,0
DA:728,0
DA:730,0
DA:731,0
DA:735,1
LF:216
LH:23
BRDA:38,0,0,0
BRDA:38,0,1,0
BRDA:39,1,0,0
BRDA:39,1,1,0
BRDA:40,2,0,0
BRDA:40,2,1,0
BRDA:42,3,0,0
BRDA:42,3,1,0
BRDA:42,3,2,0
BRDA:42,3,3,0
BRDA:42,3,4,0
BRDA:42,3,5,0
BRDA:42,3,6,0
BRDA:42,3,7,0
BRDA:46,4,0,0
BRDA:46,4,1,0
BRDA:52,5,0,0
BRDA:52,5,1,0
BRDA:53,6,0,0
BRDA:53,6,1,0
BRDA:54,7,0,0
BRDA:54,7,1,0
BRDA:61,8,0,0
BRDA:61,8,1,0
BRDA:66,9,0,0
BRDA:66,9,1,0
BRDA:70,10,0,0
BRDA:70,10,1,0
BRDA:100,11,0,0
BRDA:100,11,1,0
BRDA:101,12,0,0
BRDA:101,12,1,0
BRDA:103,13,0,0
BRDA:103,13,1,0
BRDA:109,14,0,0
BRDA:109,14,1,0
BRDA:113,15,0,0
BRDA:113,15,1,0
BRDA:114,16,0,0
BRDA:114,16,1,0
BRDA:115,17,0,0
BRDA:115,17,1,0
BRDA:115,17,2,0
BRDA:115,18,0,0
BRDA:115,18,1,0
BRDA:123,19,0,0
BRDA:123,19,1,0
BRDA:126,20,0,0
BRDA:126,20,1,0
BRDA:129,21,0,0
BRDA:129,21,1,0
BRDA:129,22,0,0
BRDA:129,22,1,0
BRDA:137,23,0,0
BRDA:137,23,1,0
BRDA:137,23,2,0
BRDA:138,24,0,0
BRDA:138,24,1,0
BRDA:139,25,0,0
BRDA:139,25,1,0
BRDA:140,26,0,0
BRDA:140,26,1,0
BRDA:143,27,0,0
BRDA:143,27,1,0
BRDA:144,28,0,0
BRDA:144,28,1,0
BRDA:144,28,2,0
BRDA:144,29,0,0
BRDA:144,29,1,0
BRDA:146,30,0,0
BRDA:146,30,1,0
BRDA:154,31,0,0
BRDA:154,31,1,0
BRDA:155,32,0,0
BRDA:155,32,1,0
BRDA:160,33,0,0
BRDA:160,33,1,0
BRDA:161,34,0,0
BRDA:161,34,1,0
BRDA:167,35,0,0
BRDA:167,35,1,0
BRDA:168,36,0,0
BRDA:168,36,1,0
BRDA:168,36,2,0
BRDA:168,37,0,0
BRDA:168,37,1,0
BRDA:227,38,0,0
BRDA:227,38,1,0
BRDA:227,38,2,0
BRDA:227,39,0,0
BRDA:227,39,1,0
BRDA:241,40,0,0
BRDA:241,40,1,0
BRDA:248,41,0,0
BRDA:248,41,1,0
BRDA:250,42,0,0
BRDA:250,42,1,0
BRDA:250,43,0,0
BRDA:250,43,1,0
BRDA:254,44,0,0
BRDA:254,44,1,0
BRDA:256,45,0,0
BRDA:256,45,1,0
BRDA:256,46,0,0
BRDA:256,46,1,0
BRDA:265,47,0,0
BRDA:265,47,1,0
BRDA:289,48,0,0
BRDA:289,48,1,0
BRDA:296,49,0,0
BRDA:296,49,1,0
BRDA:297,50,0,0
BRDA:297,50,1,0
BRDA:306,51,0,0
BRDA:306,51,1,0
BRDA:308,52,0,0
BRDA:308,52,1,0
BRDA:308,53,0,0
BRDA:308,53,1,0
BRDA:311,54,0,0
BRDA:311,54,1,0
BRDA:311,55,0,0
BRDA:311,55,1,0
BRDA:316,56,0,0
BRDA:316,56,1,0
BRDA:317,57,0,0
BRDA:317,57,1,0
BRDA:319,58,0,0
BRDA:319,58,1,0
BRDA:323,59,0,0
BRDA:323,59,1,0
BRDA:323,59,2,0
BRDA:324,60,0,0
BRDA:324,60,1,0
BRDA:325,61,0,0
BRDA:325,61,1,0
BRDA:325,61,2,0
BRDA:325,62,0,0
BRDA:325,62,1,0
BRDA:328,63,0,0
BRDA:328,63,1,0
BRDA:329,64,0,0
BRDA:329,64,1,0
BRDA:331,65,0,0
BRDA:331,65,1,0
BRDA:332,66,0,0
BRDA:332,66,1,0
BRDA:359,67,0,0
BRDA:359,67,1,0
BRDA:360,68,0,0
BRDA:360,68,1,0
BRDA:397,69,0,0
BRDA:397,69,1,0
BRDA:416,70,0,0
BRDA:416,70,1,0
BRDA:419,71,0,0
BRDA:419,71,1,0
BRDA:419,72,0,0
BRDA:419,72,1,0
BRDA:443,73,0,0
BRDA:443,73,1,0
BRDA:445,74,0,0
BRDA:445,74,1,0
BRDA:445,75,0,0
BRDA:445,75,1,0
BRDA:448,76,0,0
BRDA:448,76,1,0
BRDA:448,77,0,0
BRDA:448,77,1,0
BRDA:474,78,0,0
BRDA:474,78,1,0
BRDA:481,79,0,0
BRDA:481,79,1,0
BRDA:488,80,0,0
BRDA:488,80,1,0
BRDA:488,80,2,0
BRDA:489,81,0,0
BRDA:489,81,1,0
BRDA:490,82,0,0
BRDA:490,82,1,0
BRDA:490,82,2,0
BRDA:490,83,0,0
BRDA:490,83,1,0
BRDA:514,84,0,0
BRDA:514,84,1,0
BRDA:519,85,0,0
BRDA:519,85,1,0
BRDA:525,86,0,0
BRDA:525,86,1,0
BRDA:525,87,0,0
BRDA:525,87,1,0
BRDA:554,88,0,0
BRDA:554,88,1,0
BRDA:557,89,0,0
BRDA:557,89,1,0
BRDA:583,90,0,0
BRDA:583,90,1,0
BRDA:586,91,0,0
BRDA:586,91,1,0
BRDA:593,92,0,0
BRDA:593,92,1,0
BRDA:594,93,0,0
BRDA:594,93,1,0
BRDA:598,94,0,0
BRDA:598,94,1,0
BRDA:599,95,0,0
BRDA:599,95,1,0
BRDA:602,96,0,0
BRDA:602,96,1,0
BRDA:602,97,0,0
BRDA:602,97,1,0
BRDA:607,98,0,0
BRDA:607,98,1,0
BRDA:608,99,0,0
BRDA:608,99,1,0
BRDA:631,100,0,0
BRDA:631,100,1,0
BRDA:639,101,0,0
BRDA:639,101,1,0
BRDA:652,102,0,0
BRDA:652,102,1,0
BRDA:694,103,0,0
BRDA:694,103,1,0
BRDA:695,104,0,0
BRDA:695,104,1,0
BRDA:695,105,0,0
BRDA:695,105,1,0
BRDA:702,106,0,0
BRDA:702,106,1,0
BRDA:703,107,0,0
BRDA:703,107,1,0
BRDA:704,108,0,0
BRDA:704,108,1,0
BRDA:705,109,0,0
BRDA:705,109,1,0
BRDA:706,110,0,0
BRDA:706,110,1,0
BRDA:707,111,0,0
BRDA:707,111,1,0
BRDA:731,112,0,0
BRDA:731,112,1,0
BRF:241
BRH:0
end_of_record
TN:
SF:src\modules\projects\controllers\projectExport.controller.js
FN:19,rowBg
FN:67,fill
FN:68,border
FN:73,styleRow
FN:74,(anonymous_4)
FN:84,makeTracker
FN:87,(anonymous_6)
FN:91,(anonymous_7)
FN:92,(anonymous_8)
FN:103,toRow
FN:134,addUserSheet
FN:161,(anonymous_11)
FN:166,(anonymous_12)
FN:186,(anonymous_13)
FN:188,(anonymous_14)
FN:197,(anonymous_15)
FN:205,(anonymous_16)
FN:223,(anonymous_17)
FN:231,addSummarySheet
FN:245,(anonymous_19)
FN:247,(anonymous_20)
FN:253,(anonymous_21)
FN:255,(anonymous_22)
FN:263,(anonymous_23)
FN:280,buildWhere
FN:302,exportProjects
FN:335,(anonymous_26)
FN:356,(anonymous_27)
FN:359,(anonymous_28)
FN:360,(anonymous_29)
FN:362,(anonymous_30)
FN:363,(anonymous_31)
FN:365,(anonymous_32)
FNF:33
FNH:0
FNDA:0,rowBg
FNDA:0,fill
FNDA:0,border
FNDA:0,styleRow
FNDA:0,(anonymous_4)
FNDA:0,makeTracker
FNDA:0,(anonymous_6)
FNDA:0,(anonymous_7)
FNDA:0,(anonymous_8)
FNDA:0,toRow
FNDA:0,addUserSheet
FNDA:0,(anonymous_11)
FNDA:0,(anonymous_12)
FNDA:0,(anonymous_13)
FNDA:0,(anonymous_14)
FNDA:0,(anonymous_15)
FNDA:0,(anonymous_16)
FNDA:0,(anonymous_17)
FNDA:0,addSummarySheet
FNDA:0,(anonymous_19)
FNDA:0,(anonymous_20)
FNDA:0,(anonymous_21)
FNDA:0,(anonymous_22)
FNDA:0,(anonymous_23)
FNDA:0,buildWhere
FNDA:0,exportProjects
FNDA:0,(anonymous_26)
FNDA:0,(anonymous_27)
FNDA:0,(anonymous_28)
FNDA:0,(anonymous_29)
FNDA:0,(anonymous_30)
FNDA:0,(anonymous_31)
FNDA:0,(anonymous_32)
DA:3,1
DA:4,1
DA:5,1
DA:7,1
DA:8,1
DA:9,1
DA:10,1
DA:14,1
DA:20,0
DA:21,0
DA:22,0
DA:23,0
DA:28,1
DA:55,1
DA:59,1
DA:67,0
DA:69,0
DA:70,0
DA:74,0
DA:75,0
DA:76,0
DA:77,0
DA:78,0
DA:85,0
DA:86,0
DA:88,0
DA:89,0
DA:92,0
DA:93,0
DA:94,0
DA:95,0
DA:104,0
DA:135,0
DA:136,0
DA:137,0
DA:138,0
DA:141,0
DA:142,0
DA:144,0
DA:145,0
DA:148,0
DA:149,0
DA:150,0
DA:151,0
DA:152,0
DA:153,0
DA:154,0
DA:155,0
DA:158,0
DA:159,0
DA:161,0
DA:162,0
DA:163,0
DA:164,0
DA:165,0
DA:166,0
DA:167,0
DA:168,0
DA:169,0
DA:170,0
DA:171,0
DA:175,0
DA:176,0
DA:177,0
DA:178,0
DA:180,0
DA:181,0
DA:184,0
DA:185,0
DA:186,0
DA:187,0
DA:188,0
DA:189,0
DA:190,0
DA:191,0
DA:192,0
DA:193,0
DA:197,0
DA:198,0
DA:199,0
DA:200,0
DA:201,0
DA:202,0
DA:203,0
DA:205,0
DA:209,0
DA:217,0
DA:223,0
DA:224,0
DA:226,0
DA:232,0
DA:234,0
DA:245,0
DA:246,0
DA:247,0
DA:248,0
DA:249,0
DA:250,0
DA:251,0
DA:253,0
DA:255,0
DA:256,0
DA:257,0
DA:262,0
DA:263,0
DA:264,0
DA:265,0
DA:266,0
DA:267,0
DA:271,0
DA:272,0
DA:281,0
DA:283,0
DA:284,0
DA:287,0
DA:288,0
DA:289,0
DA:291,0
DA:292,0
DA:293,0
DA:294,0
DA:297,0
DA:303,0
DA:304,0
DA:305,0
DA:308,0
DA:310,0
DA:311,0
DA:315,0
DA:316,0
DA:317,0
DA:323,0
DA:327,0
DA:330,0
DA:331,0
DA:335,0
DA:336,0
DA:342,0
DA:343,0
DA:344,0
DA:345,0
DA:346,0
DA:350,0
DA:351,0
DA:352,0
DA:353,0
DA:356,0
DA:357,0
DA:358,0
DA:359,0
DA:360,0
DA:361,0
DA:362,0
DA:363,0
DA:364,0
DA:365,0
DA:367,0
DA:379,0
DA:380,0
DA:384,0
DA:385,0
DA:386,0
DA:387,0
DA:391,0
DA:392,0
DA:393,0
DA:395,0
DA:397,0
DA:398,0
DA:400,0
DA:401,0
DA:404,0
DA:405,0
DA:409,1
LF:174
LH:12
BRDA:20,0,0,0
BRDA:20,0,1,0
BRDA:21,1,0,0
BRDA:21,1,1,0
BRDA:22,2,0,0
BRDA:22,2,1,0
BRDA:68,3,0,0
BRDA:73,4,0,0
BRDA:88,5,0,0
BRDA:88,5,1,0
BRDA:89,6,0,0
BRDA:89,6,1,0
BRDA:89,7,0,0
BRDA:89,7,1,0
BRDA:94,8,0,0
BRDA:94,8,1,0
BRDA:105,9,0,0
BRDA:105,9,1,0
BRDA:106,10,0,0
BRDA:106,10,1,0
BRDA:107,11,0,0
BRDA:107,11,1,0
BRDA:108,12,0,0
BRDA:108,12,1,0
BRDA:109,13,0,0
BRDA:109,13,1,0
BRDA:110,14,0,0
BRDA:110,14,1,0
BRDA:111,15,0,0
BRDA:111,15,1,0
BRDA:112,16,0,0
BRDA:112,16,1,0
BRDA:113,17,0,0
BRDA:113,17,1,0
BRDA:114,18,0,0
BRDA:114,18,1,0
BRDA:115,19,0,0
BRDA:115,19,1,0
BRDA:116,20,0,0
BRDA:116,20,1,0
BRDA:117,21,0,0
BRDA:117,21,1,0
BRDA:118,22,0,0
BRDA:118,22,1,0
BRDA:119,23,0,0
BRDA:119,23,1,0
BRDA:120,24,0,0
BRDA:120,24,1,0
BRDA:121,25,0,0
BRDA:121,25,1,0
BRDA:122,26,0,0
BRDA:122,26,1,0
BRDA:123,27,0,0
BRDA:123,27,1,0
BRDA:124,28,0,0
BRDA:124,28,1,0
BRDA:125,29,0,0
BRDA:125,29,1,0
BRDA:126,30,0,0
BRDA:126,30,1,0
BRDA:127,31,0,0
BRDA:127,31,1,0
BRDA:128,32,0,0
BRDA:128,32,1,0
BRDA:135,33,0,0
BRDA:135,33,1,0
BRDA:136,34,0,0
BRDA:136,34,1,0
BRDA:136,35,0,0
BRDA:136,35,1,0
BRDA:137,36,0,0
BRDA:137,36,1,0
BRDA:141,37,0,0
BRDA:141,37,1,0
BRDA:148,38,0,0
BRDA:148,38,1,0
BRDA:256,39,0,0
BRDA:256,39,1,0
BRDA:260,40,0,0
BRDA:260,40,1,0
BRDA:283,41,0,0
BRDA:283,41,1,0
BRDA:284,42,0,0
BRDA:284,42,1,0
BRDA:287,43,0,0
BRDA:287,43,1,0
BRDA:288,44,0,0
BRDA:288,44,1,0
BRDA:289,45,0,0
BRDA:289,45,1,0
BRDA:291,46,0,0
BRDA:291,46,1,0
BRDA:291,47,0,0
BRDA:291,47,1,0
BRDA:293,48,0,0
BRDA:293,48,1,0
BRDA:294,49,0,0
BRDA:294,49,1,0
BRDA:310,50,0,0
BRDA:310,50,1,0
BRDA:310,51,0,0
BRDA:310,51,1,0
BRDA:315,52,0,0
BRDA:315,52,1,0
BRDA:316,53,0,0
BRDA:316,53,1,0
BRDA:327,54,0,0
BRDA:327,54,1,0
BRDA:330,55,0,0
BRDA:330,55,1,0
BRDA:345,56,0,0
BRDA:345,56,1,0
BRDA:357,57,0,0
BRDA:357,57,1,0
BRDA:358,58,0,0
BRDA:358,58,1,0
BRDA:364,59,0,0
BRDA:364,59,1,0
BRDA:368,60,0,0
BRDA:368,60,1,0
BRDA:368,61,0,0
BRDA:368,61,1,0
BRDA:379,62,0,0
BRDA:379,62,1,0
BRDA:385,63,0,0
BRDA:385,63,1,0
BRDA:386,64,0,0
BRDA:386,64,1,0
BRDA:391,65,0,0
BRDA:391,65,1,0
BRDA:391,66,0,0
BRDA:391,66,1,0
BRDA:405,67,0,0
BRDA:405,67,1,0
BRF:134
BRH:0
end_of_record
TN:
SF:src\modules\projects\dto\project.dto.js
FN:4,toOwnerRef
FN:19,toStageRef
FN:33,toProjectCard
FN:52,toProjectList
FN:53,(anonymous_4)
FNF:5
FNH:0
FNDA:0,toOwnerRef
FNDA:0,toStageRef
FNDA:0,toProjectCard
FNDA:0,toProjectList
FNDA:0,(anonymous_4)
DA:5,0
DA:6,0
DA:7,0
DA:8,0
DA:20,0
DA:21,0
DA:22,0
DA:34,0
DA:35,0
DA:53,0
DA:56,0
LF:11
LH:0
BRDA:5,0,0,0
BRDA:5,0,1,0
BRDA:6,1,0,0
BRDA:6,1,1,0
BRDA:7,2,0,0
BRDA:7,2,1,0
BRDA:12,3,0,0
BRDA:12,3,1,0
BRDA:12,4,0,0
BRDA:12,4,1,0
BRDA:13,5,0,0
BRDA:13,5,1,0
BRDA:13,6,0,0
BRDA:13,6,1,0
BRDA:15,7,0,0
BRDA:15,7,1,0
BRDA:20,8,0,0
BRDA:20,8,1,0
BRDA:21,9,0,0
BRDA:21,9,1,0
BRDA:33,10,0,0
BRDA:34,11,0,0
BRDA:34,11,1,0
BRDA:42,12,0,0
BRDA:42,12,1,0
BRDA:43,13,0,0
BRDA:43,13,1,0
BRDA:44,14,0,0
BRDA:44,14,1,0
BRDA:52,15,0,0
BRF:30
BRH:0
end_of_record
TN:
SF:src\modules\projects\policies\project.policy.js
FN:5,canEdit
FN:16,requireOwnerOrAdmin
FN:26,(anonymous_2)
FN:30,(anonymous_3)
FNF:4
FNH:0
FNDA:0,canEdit
FNDA:0,requireOwnerOrAdmin
FNDA:0,(anonymous_2)
FNDA:0,(anonymous_3)
DA:1,1
DA:3,1
DA:6,0
DA:7,0
DA:8,0
DA:9,0
DA:17,0
DA:18,0
DA:20,0
DA:22,0
DA:23,0
DA:25,0
DA:27,0
DA:28,0
DA:30,0
DA:33,1
LF:16
LH:3
BRDA:6,0,0,0
BRDA:6,0,1,0
BRDA:8,1,0,0
BRDA:8,1,1,0
BRDA:20,2,0,0
BRDA:20,2,1,0
BRDA:23,3,0,0
BRDA:23,3,1,0
BRDA:27,4,0,0
BRDA:27,4,1,0
BRF:10
BRH:0
end_of_record
TN:
SF:src\modules\projects\repositories\project.repository.js
FN:150,buildBaseWhere
FN:180,buildWhere
FN:184,countStats
FN:199,findPaginated
FN:214,findById
FN:244,findByIdFull
FN:284,update
FN:298,findAllForKanban
FNF:8
FNH:0
FNDA:0,buildBaseWhere
FNDA:0,buildWhere
FNDA:0,countStats
FNDA:0,findPaginated
FNDA:0,findById
FNDA:0,findByIdFull
FNDA:0,update
FNDA:0,findAllForKanban
DA:1,1
DA:2,1
DA:3,1
DA:4,1
DA:5,1
DA:6,1
DA:7,1
DA:8,1
DA:11,1
DA:15,1
DA:22,1
DA:39,1
DA:48,1
DA:58,1
DA:68,1
DA:79,1
DA:110,1
DA:151,0
DA:153,0
DA:154,0
DA:155,0
DA:156,0
DA:159,0
DA:160,0
DA:162,0
DA:163,0
DA:171,0
DA:172,0
DA:173,0
DA:174,0
DA:177,0
DA:181,0
DA:185,0
DA:186,0
DA:191,0
DA:200,0
DA:215,0
DA:245,0
DA:285,0
DA:290,0
DA:299,0
DA:300,0
DA:301,0
DA:303,0
DA:304,0
DA:312,0
DA:320,1
LF:47
LH:18
BRDA:153,0,0,0
BRDA:153,0,1,0
BRDA:153,1,0,0
BRDA:153,1,1,0
BRDA:155,2,0,0
BRDA:155,2,1,0
BRDA:159,3,0,0
BRDA:159,3,1,0
BRDA:160,4,0,0
BRDA:160,4,1,0
BRDA:162,5,0,0
BRDA:162,5,1,0
BRDA:171,6,0,0
BRDA:171,6,1,0
BRDA:171,7,0,0
BRDA:171,7,1,0
BRDA:173,8,0,0
BRDA:173,8,1,0
BRDA:174,9,0,0
BRDA:174,9,1,0
BRDA:199,10,0,0
BRDA:199,11,0,0
BRDA:290,12,0,0
BRDA:290,12,1,0
BRDA:300,13,0,0
BRDA:300,13,1,0
BRDA:301,14,0,0
BRDA:301,14,1,0
BRDA:303,15,0,0
BRDA:303,15,1,0
BRF:30
BRH:0
end_of_record
TN:
SF:src\modules\projects\routes\project.routes.js
FN:16,(anonymous_0)
FN:17,(anonymous_1)
FNF:2
FNH:0
FNDA:0,(anonymous_0)
FNDA:0,(anonymous_1)
DA:1,1
DA:2,1
DA:3,1
DA:4,1
DA:5,1
DA:6,1
DA:7,1
DA:8,1
DA:10,1
DA:15,1
DA:16,1
DA:17,1
DA:20,1
DA:24,1
DA:27,1
DA:32,1
DA:35,1
DA:38,1
DA:41,1
DA:42,1
DA:43,1
DA:44,1
DA:45,1
DA:46,1
DA:47,1
DA:50,1
DA:53,1
DA:54,1
DA:56,1
LF:29
LH:29
BRDA:16,0,0,0
BRDA:16,0,1,0
BRDA:17,1,0,0
BRDA:17,1,1,0
BRF:4
BRH:0
end_of_record
TN:
SF:src\modules\projects\services\project.service.js
FN:14,listProjects
FN:50,(anonymous_1)
FN:65,moveStage
FN:142,assignOwner
FNF:4
FNH:0
FNDA:0,listProjects
FNDA:0,(anonymous_1)
FNDA:0,moveStage
FNDA:0,assignOwner
DA:1,1
DA:2,1
DA:3,1
DA:4,1
DA:5,1
DA:6,1
DA:7,1
DA:8,1
DA:10,1
DA:15,0
DA:16,0
DA:17,0
DA:18,0
DA:19,0
DA:21,0
DA:23,0
DA:25,0
DA:26,0
DA:27,0
DA:29,0
DA:41,0
DA:46,0
DA:47,0
DA:49,0
DA:50,0
DA:66,0
DA:67,0
DA:69,0
DA:70,0
DA:72,0
DA:73,0
DA:75,0
DA:76,0
DA:79,0
DA:82,0
DA:101,0
DA:102,0
DA:103,0
DA:104,0
DA:105,0
DA:119,0
DA:122,0
DA:123,0
DA:135,0
DA:136,0
DA:143,0
DA:144,0
DA:145,0
DA:146,0
DA:148,0
DA:149,0
DA:150,0
DA:153,0
DA:154,0
DA:156,0
DA:167,0
DA:169,0
DA:170,0
DA:172,0
DA:173,0
DA:177,1
LF:61
LH:10
BRDA:15,0,0,0
BRDA:15,0,1,0
BRDA:16,1,0,0
BRDA:16,1,1,0
BRDA:18,2,0,0
BRDA:18,2,1,0
BRDA:19,3,0,0
BRDA:19,3,1,0
BRDA:21,4,0,0
BRDA:21,4,1,0
BRDA:23,5,0,0
BRDA:23,5,1,0
BRDA:23,5,2,0
BRDA:32,6,0,0
BRDA:32,6,1,0
BRDA:33,7,0,0
BRDA:33,7,1,0
BRDA:34,8,0,0
BRDA:34,8,1,0
BRDA:37,9,0,0
BRDA:37,9,1,0
BRDA:38,10,0,0
BRDA:38,10,1,0
BRDA:70,11,0,0
BRDA:70,11,1,0
BRDA:73,12,0,0
BRDA:73,12,1,0
BRDA:76,13,0,0
BRDA:76,13,1,0
BRDA:87,14,0,0
BRDA:87,14,1,0
BRDA:102,15,0,0
BRDA:102,15,1,0
BRDA:104,16,0,0
BRDA:104,16,1,0
BRDA:146,17,0,0
BRDA:146,17,1,0
BRDA:148,18,0,0
BRDA:148,18,1,0
BRDA:150,19,0,0
BRDA:150,19,1,0
BRDA:154,20,0,0
BRDA:154,20,1,0
BRDA:161,21,0,0
BRDA:161,21,1,0
BRDA:162,22,0,0
BRDA:162,22,1,0
BRF:47
BRH:0
end_of_record
TN:
SF:src\modules\projects\utils\project.completion.js
FN:28,_isPresent
FN:40,computeCompletion
FNF:2
FNH:0
FNDA:0,_isPresent
FNDA:0,computeCompletion
DA:13,1
DA:29,0
DA:30,0
DA:32,0
DA:33,0
DA:41,0
DA:42,0
DA:43,0
DA:45,0
DA:46,0
DA:49,1
LF:11
LH:2
BRDA:29,0,0,0
BRDA:29,0,1,0
BRDA:30,1,0,0
BRDA:30,1,1,0
BRDA:33,2,0,0
BRDA:33,2,1,0
BRDA:43,3,0,0
BRDA:43,3,1,0
BRF:8
BRH:0
end_of_record
TN:
SF:src\modules\projects\validators\project.validator.js
FN:35,validate
FN:36,(anonymous_1)
FN:43,(anonymous_2)
FNF:3
FNH:1
FNDA:3,validate
FNDA:0,(anonymous_1)
FNDA:0,(anonymous_2)
DA:1,1
DA:3,1
DA:10,1
DA:17,1
DA:36,3
DA:37,0
DA:38,0
DA:42,0
DA:43,0
DA:45,0
DA:46,0
DA:47,0
DA:51,1
LF:13
LH:6
BRDA:35,0,0,2
BRDA:37,1,0,0
BRDA:37,1,1,0
BRDA:42,2,0,0
BRDA:42,2,1,0
BRDA:45,3,0,0
BRDA:45,3,1,0
BRF:7
BRH:1
end_of_record
TN:
SF:src\routes\admin.js
FN:11,(anonymous_0)
FN:20,(anonymous_1)
FN:36,(anonymous_2)
FN:48,(anonymous_3)
FN:54,(anonymous_4)
FN:78,(anonymous_5)
FN:87,(anonymous_6)
FNF:7
FNH:0
FNDA:0,(anonymous_0)
FNDA:0,(anonymous_1)
FNDA:0,(anonymous_2)
FNDA:0,(anonymous_3)
FNDA:0,(anonymous_4)
FNDA:0,(anonymous_5)
FNDA:0,(anonymous_6)
DA:2,1
DA:3,1
DA:4,1
DA:5,1
DA:6,1
DA:8,1
DA:11,1
DA:12,0
DA:16,0
DA:20,1
DA:21,0
DA:22,0
DA:24,0
DA:25,0
DA:27,0
DA:28,0
DA:31,0
DA:32,0
DA:36,1
DA:37,0
DA:38,0
DA:40,0
DA:41,0
DA:43,0
DA:44,0
DA:48,1
DA:49,0
DA:50,0
DA:54,1
DA:55,0
DA:56,0
DA:57,0
DA:58,0
DA:61,0
DA:62,0
DA:64,0
DA:65,0
DA:67,0
DA:72,0
DA:74,0
DA:78,1
DA:79,0
DA:80,0
DA:82,0
DA:83,0
DA:87,1
DA:88,0
DA:92,0
DA:95,1
LF:49
LH:14
BRDA:21,0,0,0
BRDA:21,0,1,0
BRDA:22,1,0,0
BRDA:22,1,1,0
BRDA:25,2,0,0
BRDA:25,2,1,0
BRDA:27,3,0,0
BRDA:27,3,1,0
BRDA:27,4,0,0
BRDA:27,4,1,0
BRDA:37,5,0,0
BRDA:37,5,1,0
BRDA:38,6,0,0
BRDA:38,6,1,0
BRDA:41,7,0,0
BRDA:41,7,1,0
BRDA:55,8,0,0
BRDA:55,8,1,0
BRDA:56,9,0,0
BRDA:56,9,1,0
BRDA:57,10,0,0
BRDA:57,10,1,0
BRDA:57,11,0,0
BRDA:57,11,1,0
BRDA:62,12,0,0
BRDA:62,12,1,0
BRDA:65,13,0,0
BRDA:65,13,1,0
BRDA:69,14,0,0
BRDA:69,14,1,0
BRDA:72,15,0,0
BRDA:72,15,1,0
BRDA:72,16,0,0
BRDA:72,16,1,0
BRDA:79,17,0,0
BRDA:79,17,1,0
BRDA:80,18,0,0
BRDA:80,18,1,0
BRF:38
BRH:0
end_of_record
TN:
SF:src\routes\architect.routes.js
FNF:0
FNH:0
DA:1,1
DA:2,1
DA:3,1
DA:5,1
DA:7,1
DA:9,1
LF:6
LH:6
BRF:0
BRH:0
end_of_record
TN:
SF:src\routes\auth.routes.js
FN:24,(anonymous_0)
FN:80,isValidToken
FN:85,(anonymous_2)
FN:139,isValidEmail
FN:142,isStrongPassword
FN:146,cookieOptions
FN:159,(anonymous_6)
FN:226,(anonymous_7)
FN:266,(anonymous_8)
FN:289,(anonymous_9)
FNF:10
FNH:0
FNDA:0,(anonymous_0)
FNDA:0,isValidToken
FNDA:0,(anonymous_2)
FNDA:0,isValidEmail
FNDA:0,isStrongPassword
FNDA:0,cookieOptions
FNDA:0,(anonymous_6)
FNDA:0,(anonymous_7)
FNDA:0,(anonymous_8)
FNDA:0,(anonymous_9)
DA:2,1
DA:3,1
DA:4,1
DA:5,1
DA:6,1
DA:7,1
DA:9,1
DA:10,1
DA:11,1
DA:12,1
DA:14,1
DA:16,1
DA:24,1
DA:25,0
DA:26,0
DA:27,0
DA:29,0
DA:32,0
DA:33,0
DA:36,0
DA:37,0
DA:40,0
DA:43,0
DA:45,0
DA:51,0
DA:53,0
DA:54,0
DA:55,0
DA:70,0
DA:72,0
DA:74,0
DA:76,0
DA:81,0
DA:85,1
DA:86,0
DA:87,0
DA:89,0
DA:90,0
DA:91,0
DA:93,0
DA:96,0
DA:98,0
DA:99,0
DA:100,0
DA:104,0
DA:105,0
DA:109,0
DA:110,0
DA:114,0
DA:116,0
DA:123,0
DA:125,0
DA:126,0
DA:132,1
DA:140,0
DA:143,0
DA:147,0
DA:159,1
DA:160,0
DA:161,0
DA:163,0
DA:164,0
DA:167,0
DA:168,0
DA:171,0
DA:173,0
DA:174,0
DA:175,0
DA:178,0
DA:181,0
DA:183,0
DA:184,0
DA:185,0
DA:186,0
DA:190,0
DA:197,0
DA:210,0
DA:220,0
DA:221,0
DA:226,1
DA:227,0
DA:228,0
DA:230,0
DA:231,0
DA:233,0
DA:234,0
DA:236,0
DA:239,0
DA:240,0
DA:243,0
DA:244,0
DA:246,0
DA:247,0
DA:248,0
DA:250,0
DA:252,0
DA:254,0
DA:259,0
DA:260,0
DA:266,1
DA:267,0
DA:268,0
DA:269,0
DA:271,0
DA:272,0
DA:273,0
DA:275,0
DA:276,0
DA:278,0
DA:279,0
DA:281,0
DA:283,0
DA:284,0
DA:289,1
DA:290,0
DA:291,0
DA:292,0
DA:293,0
DA:294,0
DA:295,0
DA:296,0
DA:300,0
DA:301,0
DA:303,0
DA:304,0
DA:308,1
LF:126
LH:20
BRDA:14,0,0,1
BRDA:14,0,1,1
BRDA:26,1,0,0
BRDA:26,1,1,0
BRDA:27,2,0,0
BRDA:27,2,1,0
BRDA:36,3,0,0
BRDA:36,3,1,0
BRDA:81,4,0,0
BRDA:81,4,1,0
BRDA:81,4,2,0
BRDA:87,5,0,0
BRDA:87,5,1,0
BRDA:89,6,0,0
BRDA:89,6,1,0
BRDA:90,7,0,0
BRDA:90,7,1,0
BRDA:91,8,0,0
BRDA:91,8,1,0
BRDA:99,9,0,0
BRDA:99,9,1,0
BRDA:99,10,0,0
BRDA:99,10,1,0
BRDA:99,10,2,0
BRDA:104,11,0,0
BRDA:104,11,1,0
BRDA:109,12,0,0
BRDA:109,12,1,0
BRDA:140,13,0,0
BRDA:140,13,1,0
BRDA:140,13,2,0
BRDA:143,14,0,0
BRDA:143,14,1,0
BRDA:143,14,2,0
BRDA:161,15,0,0
BRDA:161,15,1,0
BRDA:163,16,0,0
BRDA:163,16,1,0
BRDA:167,17,0,0
BRDA:167,17,1,0
BRDA:174,18,0,0
BRDA:174,18,1,0
BRDA:183,19,0,0
BRDA:183,19,1,0
BRDA:185,20,0,0
BRDA:185,20,1,0
BRDA:228,21,0,0
BRDA:228,21,1,0
BRDA:230,22,0,0
BRDA:230,22,1,0
BRDA:231,23,0,0
BRDA:231,23,1,0
BRDA:236,24,0,0
BRDA:236,24,1,0
BRDA:239,25,0,0
BRDA:239,25,1,0
BRDA:244,26,0,0
BRDA:244,26,1,0
BRDA:268,27,0,0
BRDA:268,27,1,0
BRDA:269,28,0,0
BRDA:269,28,1,0
BRDA:273,29,0,0
BRDA:273,29,1,0
BRDA:273,30,0,0
BRDA:273,30,1,0
BRDA:276,31,0,0
BRDA:276,31,1,0
BRDA:292,32,0,0
BRDA:292,32,1,0
BRDA:296,33,0,0
BRDA:296,33,1,0
BRF:72
BRH:2
end_of_record
TN:
SF:src\routes\client.routes.js
FN:10,cleanValue
FN:22,parseDate
FN:70,normalize
FN:76,(anonymous_3)
FN:100,(anonymous_4)
FN:104,(anonymous_5)
FN:106,(anonymous_6)
FN:125,(anonymous_7)
FN:126,(anonymous_8)
FN:156,(anonymous_9)
FN:184,(anonymous_10)
FN:200,(anonymous_11)
FN:208,(anonymous_12)
FNF:13
FNH:0
FNDA:0,cleanValue
FNDA:0,parseDate
FNDA:0,normalize
FNDA:0,(anonymous_3)
FNDA:0,(anonymous_4)
FNDA:0,(anonymous_5)
FNDA:0,(anonymous_6)
FNDA:0,(anonymous_7)
FNDA:0,(anonymous_8)
FNDA:0,(anonymous_9)
FNDA:0,(anonymous_10)
FNDA:0,(anonymous_11)
FNDA:0,(anonymous_12)
DA:1,1
DA:2,1
DA:3,1
DA:4,1
DA:5,1
DA:6,1
DA:7,1
DA:8,1
DA:9,1
DA:11,0
DA:13,0
DA:15,0
DA:16,0
DA:19,0
DA:23,0
DA:24,0
DA:28,0
DA:29,0
DA:30,0
DA:32,0
DA:33,0
DA:34,0
DA:36,0
DA:39,0
DA:42,0
DA:43,0
DA:44,0
DA:45,0
DA:49,0
DA:50,0
DA:51,0
DA:52,0
DA:56,0
DA:57,0
DA:58,0
DA:62,0
DA:63,0
DA:64,0
DA:65,0
DA:68,0
DA:71,0
DA:76,1
DA:77,0
DA:78,0
DA:79,0
DA:82,0
DA:83,0
DA:84,0
DA:87,0
DA:93,0
DA:94,0
DA:95,0
DA:100,0
DA:102,0
DA:104,0
DA:105,0
DA:106,0
DA:107,0
DA:110,0
DA:125,0
DA:126,0
DA:129,0
DA:130,0
DA:131,0
DA:137,0
DA:139,0
DA:141,0
DA:146,0
DA:147,0
DA:150,0
DA:156,1
DA:157,0
DA:158,0
DA:176,0
DA:178,0
DA:184,1
DA:185,0
DA:186,0
DA:187,0
DA:190,0
DA:191,0
DA:192,0
DA:194,0
DA:200,0
DA:201,0
DA:203,0
DA:204,0
DA:206,0
DA:207,0
DA:208,0
DA:209,0
DA:212,0
DA:213,0
DA:215,0
DA:218,0
DA:225,0
DA:227,0
DA:230,0
DA:233,0
DA:238,0
DA:242,0
DA:244,0
DA:250,0
DA:251,0
DA:254,0
DA:260,1
LF:106
LH:13
BRDA:11,0,0,0
BRDA:11,0,1,0
BRDA:11,1,0,0
BRDA:11,1,1,0
BRDA:15,2,0,0
BRDA:15,2,1,0
BRDA:15,3,0,0
BRDA:15,3,1,0
BRDA:15,3,2,0
BRDA:15,3,3,0
BRDA:23,4,0,0
BRDA:23,4,1,0
BRDA:23,5,0,0
BRDA:23,5,1,0
BRDA:23,5,2,0
BRDA:28,6,0,0
BRDA:28,6,1,0
BRDA:30,7,0,0
BRDA:30,7,1,0
BRDA:43,8,0,0
BRDA:43,8,1,0
BRDA:50,9,0,0
BRDA:50,9,1,0
BRDA:57,10,0,0
BRDA:57,10,1,0
BRDA:63,11,0,0
BRDA:63,11,1,0
BRDA:78,12,0,0
BRDA:78,12,1,0
BRDA:93,13,0,0
BRDA:93,13,1,0
BRDA:93,14,0,0
BRDA:93,14,1,0
BRDA:126,15,0,0
BRDA:126,15,1,0
BRDA:129,16,0,0
BRDA:129,16,1,0
BRDA:146,17,0,0
BRDA:146,17,1,0
BRDA:146,18,0,0
BRDA:146,18,1,0
BRDA:186,19,0,0
BRDA:186,19,1,0
BRDA:215,20,0,0
BRDA:215,20,1,0
BRDA:215,21,0,0
BRDA:215,21,1,0
BRDA:225,22,0,0
BRDA:225,22,1,0
BRDA:250,23,0,0
BRDA:250,23,1,0
BRDA:250,24,0,0
BRDA:250,24,1,0
BRF:53
BRH:0
end_of_record
TN:
SF:src\routes\commercial_contacts.routes.js
FN:13,mapStageToAction
FN:40,(anonymous_1)
FN:49,(anonymous_2)
FN:63,(anonymous_3)
FN:102,(anonymous_4)
FN:184,(anonymous_5)
FN:200,(anonymous_6)
FN:228,(anonymous_7)
FN:330,(anonymous_8)
FN:374,(anonymous_9)
FN:471,(anonymous_10)
FN:472,(anonymous_11)
FN:492,(anonymous_12)
FN:493,(anonymous_13)
FN:563,(anonymous_14)
FN:663,(anonymous_15)
FN:664,(anonymous_16)
FN:683,(anonymous_17)
FN:752,(anonymous_18)
FN:796,(anonymous_19)
FN:835,(anonymous_20)
FNF:21
FNH:0
FNDA:0,mapStageToAction
FNDA:0,(anonymous_1)
FNDA:0,(anonymous_2)
FNDA:0,(anonymous_3)
FNDA:0,(anonymous_4)
FNDA:0,(anonymous_5)
FNDA:0,(anonymous_6)
FNDA:0,(anonymous_7)
FNDA:0,(anonymous_8)
FNDA:0,(anonymous_9)
FNDA:0,(anonymous_10)
FNDA:0,(anonymous_11)
FNDA:0,(anonymous_12)
FNDA:0,(anonymous_13)
FNDA:0,(anonymous_14)
FNDA:0,(anonymous_15)
FNDA:0,(anonymous_16)
FNDA:0,(anonymous_17)
FNDA:0,(anonymous_18)
FNDA:0,(anonymous_19)
FNDA:0,(anonymous_20)
DA:1,1
DA:2,1
DA:3,1
DA:5,1
DA:6,1
DA:7,1
DA:8,1
DA:9,1
DA:10,1
DA:11,1
DA:12,1
DA:14,0
DA:16,0
DA:19,0
DA:22,0
DA:25,0
DA:28,0
DA:31,0
DA:34,0
DA:37,0
DA:40,1
DA:41,0
DA:42,0
DA:44,0
DA:48,0
DA:49,0
DA:50,0
DA:51,0
DA:54,0
DA:56,0
DA:58,0
DA:59,0
DA:63,1
DA:64,0
DA:65,0
DA:67,0
DA:68,0
DA:70,0
DA:71,0
DA:74,0
DA:75,0
DA:77,0
DA:79,0
DA:80,0
DA:81,0
DA:82,0
DA:84,0
DA:88,0
DA:91,0
DA:92,0
DA:95,0
DA:97,0
DA:98,0
DA:102,1
DA:103,0
DA:104,0
DA:106,0
DA:114,0
DA:115,0
DA:117,0
DA:118,0
DA:119,0
DA:120,0
DA:121,0
DA:123,0
DA:130,0
DA:131,0
DA:133,0
DA:152,0
DA:153,0
DA:159,0
DA:160,0
DA:166,0
DA:181,0
DA:182,0
DA:184,0
DA:185,0
DA:188,0
DA:190,0
DA:193,0
DA:196,0
DA:197,0
DA:200,1
DA:201,0
DA:202,0
DA:203,0
DA:204,0
DA:206,0
DA:219,0
DA:221,0
DA:224,0
DA:225,0
DA:228,1
DA:229,0
DA:230,0
DA:231,0
DA:232,0
DA:233,0
DA:235,0
DA:238,0
DA:239,0
DA:240,0
DA:243,0
DA:244,0
DA:245,0
DA:248,0
DA:252,0
DA:257,0
DA:268,0
DA:273,0
DA:275,0
DA:276,0
DA:278,0
DA:281,0
DA:286,0
DA:291,0
DA:292,0
DA:300,0
DA:306,0
DA:315,0
DA:317,0
DA:320,0
DA:322,0
DA:330,1
DA:331,0
DA:332,0
DA:334,0
DA:335,0
DA:338,0
DA:340,0
DA:341,0
DA:346,0
DA:367,0
DA:369,0
DA:374,1
DA:375,0
DA:376,0
DA:377,0
DA:378,0
DA:380,0
DA:383,0
DA:386,0
DA:388,0
DA:389,0
DA:391,0
DA:392,0
DA:396,0
DA:398,0
DA:399,0
DA:401,0
DA:402,0
DA:404,0
DA:405,0
DA:407,0
DA:414,0
DA:443,0
DA:448,0
DA:449,0
DA:451,0
DA:452,0
DA:454,0
DA:455,0
DA:461,0
DA:462,0
DA:467,0
DA:471,0
DA:472,0
DA:478,0
DA:480,0
DA:481,0
DA:482,0
DA:488,0
DA:489,0
DA:491,0
DA:492,0
DA:493,0
DA:502,0
DA:504,0
DA:505,0
DA:506,0
DA:508,0
DA:511,0
DA:517,0
DA:521,0
DA:526,0
DA:535,0
DA:540,0
DA:548,0
DA:550,0
DA:553,0
DA:555,0
DA:563,1
DA:564,0
DA:565,0
DA:567,0
DA:569,0
DA:570,0
DA:574,0
DA:578,0
DA:581,0
DA:582,0
DA:587,0
DA:588,0
DA:589,0
DA:590,0
DA:592,0
DA:593,0
DA:596,0
DA:597,0
DA:599,0
DA:600,0
DA:603,0
DA:604,0
DA:607,0
DA:608,0
DA:611,0
DA:612,0
DA:614,0
DA:615,0
DA:616,0
DA:618,0
DA:619,0
DA:622,0
DA:623,0
DA:626,0
DA:627,0
DA:631,0
DA:635,0
DA:637,0
DA:638,0
DA:640,0
DA:642,0
DA:643,0
DA:644,0
DA:646,0
DA:647,0
DA:652,0
DA:657,0
DA:658,0
DA:662,0
DA:663,0
DA:664,0
DA:670,0
DA:671,0
DA:678,0
DA:679,0
DA:683,0
DA:691,0
DA:692,0
DA:699,0
DA:705,0
DA:710,0
DA:711,0
DA:717,0
DA:731,0
DA:739,0
DA:742,0
DA:744,0
DA:752,1
DA:753,0
DA:754,0
DA:755,0
DA:757,0
DA:758,0
DA:761,0
DA:762,0
DA:768,0
DA:772,0
DA:775,0
DA:777,0
DA:778,0
DA:781,0
DA:789,0
DA:791,0
DA:796,1
DA:797,0
DA:798,0
DA:800,0
DA:801,0
DA:802,0
DA:805,0
DA:809,0
DA:810,0
DA:813,0
DA:817,0
DA:820,0
DA:821,0
DA:828,0
DA:830,0
DA:835,1
DA:836,0
DA:837,0
DA:838,0
DA:840,0
DA:841,0
DA:844,0
DA:848,0
DA:851,0
DA:852,0
DA:854,0
DA:858,1
LF:301
LH:23
BRDA:14,0,0,0
BRDA:14,0,1,0
BRDA:14,0,2,0
BRDA:14,0,3,0
BRDA:14,0,4,0
BRDA:14,0,5,0
BRDA:14,0,6,0
BRDA:14,0,7,0
BRDA:50,1,0,0
BRDA:50,1,1,0
BRDA:51,2,0,0
BRDA:51,2,1,0
BRDA:70,3,0,0
BRDA:70,3,1,0
BRDA:70,4,0,0
BRDA:70,4,1,0
BRDA:79,5,0,0
BRDA:79,5,1,0
BRDA:82,6,0,0
BRDA:82,6,1,0
BRDA:91,7,0,0
BRDA:91,7,1,0
BRDA:117,8,0,0
BRDA:117,8,1,0
BRDA:117,9,0,0
BRDA:117,9,1,0
BRDA:120,10,0,0
BRDA:120,10,1,0
BRDA:130,11,0,0
BRDA:130,11,1,0
BRDA:130,12,0,0
BRDA:130,12,1,0
BRDA:134,13,0,0
BRDA:134,13,1,0
BRDA:152,14,0,0
BRDA:152,14,1,0
BRDA:152,15,0,0
BRDA:152,15,1,0
BRDA:159,16,0,0
BRDA:159,16,1,0
BRDA:159,17,0,0
BRDA:159,17,1,0
BRDA:188,18,0,0
BRDA:188,18,1,0
BRDA:197,19,0,0
BRDA:197,19,1,0
BRDA:238,20,0,0
BRDA:238,20,1,0
BRDA:243,21,0,0
BRDA:243,21,1,0
BRDA:248,22,0,0
BRDA:248,22,1,0
BRDA:260,23,0,0
BRDA:260,23,1,0
BRDA:262,24,0,0
BRDA:262,24,1,0
BRDA:291,25,0,0
BRDA:291,25,1,0
BRDA:295,26,0,0
BRDA:295,26,1,0
BRDA:334,27,0,0
BRDA:334,27,1,0
BRDA:340,28,0,0
BRDA:340,28,1,0
BRDA:340,29,0,0
BRDA:340,29,1,0
BRDA:369,30,0,0
BRDA:369,30,1,0
BRDA:380,31,0,0
BRDA:380,31,1,0
BRDA:388,32,0,0
BRDA:388,32,1,0
BRDA:389,33,0,0
BRDA:389,33,1,0
BRDA:401,34,0,0
BRDA:401,34,1,0
BRDA:404,35,0,0
BRDA:404,35,1,0
BRDA:415,36,0,0
BRDA:415,36,1,0
BRDA:416,37,0,0
BRDA:416,37,1,0
BRDA:417,38,0,0
BRDA:417,38,1,0
BRDA:418,39,0,0
BRDA:418,39,1,0
BRDA:419,40,0,0
BRDA:419,40,1,0
BRDA:422,41,0,0
BRDA:422,41,1,0
BRDA:423,42,0,0
BRDA:423,42,1,0
BRDA:426,43,0,0
BRDA:426,43,1,0
BRDA:427,44,0,0
BRDA:427,44,1,0
BRDA:428,45,0,0
BRDA:428,45,1,0
BRDA:428,46,0,0
BRDA:428,46,1,0
BRDA:429,47,0,0
BRDA:429,47,1,0
BRDA:432,48,0,0
BRDA:432,48,1,0
BRDA:433,49,0,0
BRDA:433,49,1,0
BRDA:435,50,0,0
BRDA:435,50,1,0
BRDA:435,51,0,0
BRDA:435,51,1,0
BRDA:448,52,0,0
BRDA:448,52,1,0
BRDA:451,53,0,0
BRDA:451,53,1,0
BRDA:454,54,0,0
BRDA:454,54,1,0
BRDA:467,55,0,0
BRDA:467,55,1,0
BRDA:474,56,0,0
BRDA:474,56,1,0
BRDA:475,57,0,0
BRDA:475,57,1,0
BRDA:475,58,0,0
BRDA:475,58,1,0
BRDA:480,59,0,0
BRDA:480,59,1,0
BRDA:488,60,0,0
BRDA:488,60,1,0
BRDA:492,61,0,0
BRDA:492,61,1,0
BRDA:492,61,2,0
BRDA:496,62,0,0
BRDA:496,62,1,0
BRDA:497,63,0,0
BRDA:497,63,1,0
BRDA:498,64,0,0
BRDA:498,64,1,0
BRDA:504,65,0,0
BRDA:504,65,1,0
BRDA:556,66,0,0
BRDA:556,66,1,0
BRDA:569,67,0,0
BRDA:569,67,1,0
BRDA:574,68,0,0
BRDA:574,68,1,0
BRDA:575,69,0,0
BRDA:575,69,1,0
BRDA:581,70,0,0
BRDA:581,70,1,0
BRDA:587,71,0,0
BRDA:587,71,1,0
BRDA:588,72,0,0
BRDA:588,72,1,0
BRDA:588,73,0,0
BRDA:588,73,1,0
BRDA:589,74,0,0
BRDA:589,74,1,0
BRDA:590,75,0,0
BRDA:590,75,1,0
BRDA:592,76,0,0
BRDA:592,76,1,0
BRDA:593,77,0,0
BRDA:593,77,1,0
BRDA:596,78,0,0
BRDA:596,78,1,0
BRDA:599,79,0,0
BRDA:599,79,1,0
BRDA:603,80,0,0
BRDA:603,80,1,0
BRDA:604,81,0,0
BRDA:604,81,1,0
BRDA:607,82,0,0
BRDA:607,82,1,0
BRDA:611,83,0,0
BRDA:611,83,1,0
BRDA:612,84,0,0
BRDA:612,84,1,0
BRDA:614,85,0,0
BRDA:614,85,1,0
BRDA:616,86,0,0
BRDA:616,86,1,0
BRDA:618,87,0,0
BRDA:618,87,1,0
BRDA:619,88,0,0
BRDA:619,88,1,0
BRDA:622,89,0,0
BRDA:622,89,1,0
BRDA:626,90,0,0
BRDA:626,90,1,0
BRDA:631,91,0,0
BRDA:631,91,1,0
BRDA:637,92,0,0
BRDA:637,92,1,0
BRDA:642,93,0,0
BRDA:642,93,1,0
BRDA:657,94,0,0
BRDA:657,94,1,0
BRDA:666,95,0,0
BRDA:666,95,1,0
BRDA:667,96,0,0
BRDA:667,96,1,0
BRDA:667,97,0,0
BRDA:667,97,1,0
BRDA:670,98,0,0
BRDA:670,98,1,0
BRDA:678,99,0,0
BRDA:678,99,1,0
BRDA:685,100,0,0
BRDA:685,100,1,0
BRDA:686,101,0,0
BRDA:686,101,1,0
BRDA:687,102,0,0
BRDA:687,102,1,0
BRDA:688,103,0,0
BRDA:688,103,1,0
BRDA:691,104,0,0
BRDA:691,104,1,0
BRDA:699,105,0,0
BRDA:699,105,1,0
BRDA:700,106,0,0
BRDA:700,106,1,0
BRDA:701,107,0,0
BRDA:701,107,1,0
BRDA:710,108,0,0
BRDA:710,108,1,0
BRDA:713,109,0,0
BRDA:713,109,1,0
BRDA:714,110,0,0
BRDA:714,110,1,0
BRDA:714,110,2,0
BRDA:720,111,0,0
BRDA:720,111,1,0
BRDA:722,112,0,0
BRDA:722,112,1,0
BRDA:722,112,2,0
BRDA:745,113,0,0
BRDA:745,113,1,0
BRDA:757,114,0,0
BRDA:757,114,1,0
BRDA:761,115,0,0
BRDA:761,115,1,0
BRDA:768,116,0,0
BRDA:768,116,1,0
BRDA:769,117,0,0
BRDA:769,117,1,0
BRDA:775,118,0,0
BRDA:775,118,1,0
BRDA:777,119,0,0
BRDA:777,119,1,0
BRDA:784,120,0,0
BRDA:784,120,1,0
BRDA:785,121,0,0
BRDA:785,121,1,0
BRDA:791,122,0,0
BRDA:791,122,1,0
BRDA:801,123,0,0
BRDA:801,123,1,0
BRDA:809,124,0,0
BRDA:809,124,1,0
BRDA:813,125,0,0
BRDA:813,125,1,0
BRDA:814,126,0,0
BRDA:814,126,1,0
BRDA:820,127,0,0
BRDA:820,127,1,0
BRDA:822,128,0,0
BRDA:822,128,1,0
BRDA:823,129,0,0
BRDA:823,129,1,0
BRDA:824,130,0,0
BRDA:824,130,1,0
BRDA:825,131,0,0
BRDA:825,131,1,0
BRDA:830,132,0,0
BRDA:830,132,1,0
BRDA:840,133,0,0
BRDA:840,133,1,0
BRDA:844,134,0,0
BRDA:844,134,1,0
BRDA:845,135,0,0
BRDA:845,135,1,0
BRDA:854,136,0,0
BRDA:854,136,1,0
BRF:283
BRH:0
end_of_record
TN:
SF:src\routes\company.routes.js
FNF:0
FNH:0
DA:1,1
DA:2,1
DA:3,1
DA:5,1
DA:7,1
DA:9,1
LF:6
LH:6
BRF:0
BRH:0
end_of_record
TN:
SF:src\routes\crm.routes.js
FN:15,(anonymous_0)
FN:41,(anonymous_1)
FN:69,(anonymous_2)
FN:116,(anonymous_3)
FN:198,(anonymous_4)
FN:379,(anonymous_5)
FN:386,(anonymous_6)
FN:387,(anonymous_7)
FN:388,(anonymous_8)
FNF:9
FNH:0
FNDA:0,(anonymous_0)
FNDA:0,(anonymous_1)
FNDA:0,(anonymous_2)
FNDA:0,(anonymous_3)
FNDA:0,(anonymous_4)
FNDA:0,(anonymous_5)
FNDA:0,(anonymous_6)
FNDA:0,(anonymous_7)
FNDA:0,(anonymous_8)
DA:3,1
DA:4,1
DA:5,1
DA:6,1
DA:8,1
DA:10,1
DA:15,1
DA:16,0
DA:17,0
DA:30,0
DA:31,0
DA:33,0
DA:34,0
DA:41,1
DA:42,0
DA:43,0
DA:59,0
DA:61,0
DA:62,0
DA:69,1
DA:70,0
DA:71,0
DA:89,0
DA:91,0
DA:92,0
DA:116,1
DA:117,0
DA:118,0
DA:119,0
DA:120,0
DA:122,0
DA:123,0
DA:124,0
DA:125,0
DA:127,0
DA:128,0
DA:129,0
DA:130,0
DA:131,0
DA:132,0
DA:134,0
DA:135,0
DA:146,0
DA:154,0
DA:182,0
DA:184,0
DA:185,0
DA:198,0
DA:206,0
DA:231,0
DA:236,0
DA:263,0
DA:268,0
DA:269,0
DA:270,0
DA:271,0
DA:274,0
DA:275,0
DA:276,0
DA:277,0
DA:283,0
DA:285,0
DA:286,0
DA:287,0
DA:288,0
DA:290,0
DA:291,0
DA:292,0
DA:294,0
DA:296,0
DA:297,0
DA:298,0
DA:299,0
DA:301,0
DA:302,0
DA:303,0
DA:304,0
DA:306,0
DA:308,0
DA:309,0
DA:311,0
DA:315,0
DA:316,0
DA:317,0
DA:319,0
DA:320,0
DA:321,0
DA:322,0
DA:324,0
DA:327,0
DA:379,0
DA:380,0
DA:381,0
DA:382,0
DA:383,0
DA:386,0
DA:387,0
DA:388,0
DA:389,0
DA:391,0
DA:395,0
DA:417,0
DA:418,0
DA:422,1
LF:104
LH:11
BRDA:30,0,0,0
BRDA:30,0,1,0
BRDA:119,1,0,0
BRDA:119,1,1,0
BRDA:125,2,0,0
BRDA:125,2,1,0
BRDA:127,3,0,0
BRDA:127,3,1,0
BRDA:146,4,0,0
BRDA:146,4,1,0
BRDA:184,5,0,0
BRDA:184,5,1,0
BRDA:192,6,0,0
BRDA:192,6,1,0
BRDA:270,7,0,0
BRDA:270,7,1,0
BRDA:276,8,0,0
BRDA:276,8,1,0
BRDA:287,9,0,0
BRDA:287,9,1,0
BRDA:288,10,0,0
BRDA:288,10,1,0
BRDA:294,11,0,0
BRDA:294,11,1,0
BRDA:299,12,0,0
BRDA:299,12,1,0
BRDA:304,13,0,0
BRDA:304,13,1,0
BRDA:308,14,0,0
BRDA:308,14,1,0
BRDA:308,15,0,0
BRDA:308,15,1,0
BRDA:308,15,2,0
BRDA:309,16,0,0
BRDA:309,16,1,0
BRDA:319,17,0,0
BRDA:319,17,1,0
BRDA:320,18,0,0
BRDA:320,18,1,0
BRDA:328,19,0,0
BRDA:328,19,1,0
BRDA:331,20,0,0
BRDA:331,20,1,0
BRDA:336,21,0,0
BRDA:336,21,1,0
BRDA:337,22,0,0
BRDA:337,22,1,0
BRDA:338,23,0,0
BRDA:338,23,1,0
BRDA:339,24,0,0
BRDA:339,24,1,0
BRDA:341,25,0,0
BRDA:341,25,1,0
BRDA:343,26,0,0
BRDA:343,26,1,0
BRDA:346,27,0,0
BRDA:346,27,1,0
BRDA:347,28,0,0
BRDA:347,28,1,0
BRDA:350,29,0,0
BRDA:350,29,1,0
BRDA:351,30,0,0
BRDA:351,30,1,0
BRDA:351,31,0,0
BRDA:351,31,1,0
BRDA:352,32,0,0
BRDA:352,32,1,0
BRDA:356,33,0,0
BRDA:356,33,1,0
BRDA:357,34,0,0
BRDA:357,34,1,0
BRDA:358,35,0,0
BRDA:358,35,1,0
[...]
BRDA:4013,591,0,0
BRDA:4013,591,1,0
BRDA:4050,592,0,0
BRDA:4050,592,1,0
BRDA:4053,593,0,0
BRDA:4053,593,1,0
BRDA:4059,594,0,0
BRDA:4059,594,1,0
BRDA:4078,595,0,0
BRDA:4078,595,1,0
BRDA:4131,596,0,0
BRDA:4131,596,1,0
BRDA:4137,597,0,0
BRDA:4137,597,1,0
BRDA:4140,598,0,0
BRDA:4140,598,1,0
BRDA:4145,599,0,0
BRDA:4145,599,1,0
BRDA:4148,600,0,0
BRDA:4148,600,1,0
BRDA:4153,601,0,0
BRDA:4153,601,1,0
BRDA:4156,602,0,0
BRDA:4156,602,1,0
BRDA:4162,603,0,0
BRDA:4162,603,1,0
BRDA:4164,604,0,0
BRDA:4164,604,1,0
BRDA:4165,605,0,0
BRDA:4165,605,1,0
BRDA:4166,606,0,0
BRDA:4166,606,1,0
BRDA:4167,607,0,0
BRDA:4167,607,1,0
BRDA:4173,608,0,0
BRDA:4173,608,1,0
BRDA:4211,609,0,0
BRDA:4211,610,0,0
BRDA:4214,611,0,0
BRDA:4214,611,1,0
BRDA:4214,612,0,0
BRDA:4214,612,1,0
BRDA:4223,613,0,0
BRDA:4223,613,1,0
BRDA:4224,614,0,0
BRDA:4224,614,1,0
BRDA:4227,615,0,0
BRDA:4227,615,1,0
BRDA:4260,616,0,0
BRDA:4260,616,1,0
BRDA:4261,617,0,0
BRDA:4261,617,1,0
BRF:1338
BRH:0
end_of_record
TN:
SF:src\routes\tasks.routes.js
FN:12,(anonymous_0)
FN:37,(anonymous_1)
FN:54,(anonymous_2)
FN:73,(anonymous_3)
FN:91,(anonymous_4)
FN:132,(anonymous_5)
FN:167,(anonymous_6)
FNF:7
FNH:0
FNDA:0,(anonymous_0)
FNDA:0,(anonymous_1)
FNDA:0,(anonymous_2)
FNDA:0,(anonymous_3)
FNDA:0,(anonymous_4)
FNDA:0,(anonymous_5)
FNDA:0,(anonymous_6)
DA:1,1
DA:2,1
DA:4,1
DA:5,1
DA:6,1
DA:7,1
DA:9,1
DA:12,1
DA:13,0
DA:14,0
DA:17,0
DA:18,0
DA:21,0
DA:22,0
DA:23,0
DA:24,0
DA:25,0
DA:28,0
DA:37,0
DA:38,0
DA:39,0
DA:47,0
DA:49,0
DA:54,1
DA:55,0
DA:56,0
DA:59,0
DA:60,0
DA:64,0
DA:68,0
DA:73,0
DA:76,0
DA:78,0
DA:84,0
DA:86,0
DA:91,1
DA:92,0
DA:93,0
DA:94,0
DA:95,0
DA:96,0
DA:98,0
DA:99,0
DA:100,0
DA:101,0
DA:102,0
DA:104,0
DA:107,0
DA:108,0
DA:112,0
DA:113,0
DA:117,0
DA:125,0
DA:127,0
DA:132,1
DA:133,0
DA:134,0
DA:135,0
DA:136,0
DA:138,0
DA:142,0
DA:145,0
DA:146,0
DA:147,0
DA:148,0
DA:150,0
DA:151,0
DA:152,0
DA:153,0
DA:154,0
DA:157,0
DA:159,0
DA:160,0
DA:162,0
DA:167,1
DA:168,0
DA:169,0
DA:170,0
DA:171,0
DA:173,0
DA:177,0
DA:180,0
DA:181,0
DA:183,0
DA:187,1
LF:85
LH:13
BRDA:17,0,0,0
BRDA:17,0,1,0
BRDA:22,1,0,0
BRDA:22,1,1,0
BRDA:22,2,0,0
BRDA:22,2,1,0
BRDA:24,3,0,0
BRDA:24,3,1,0
BRDA:25,4,0,0
BRDA:25,4,1,0
BRDA:41,5,0,0
BRDA:41,5,1,0
BRDA:42,6,0,0
BRDA:42,6,1,0
BRDA:43,7,0,0
BRDA:43,7,1,0
BRDA:43,7,2,0
BRDA:49,8,0,0
BRDA:49,8,1,0
BRDA:59,9,0,0
BRDA:59,9,1,0
BRDA:76,10,0,0
BRDA:76,10,1,0
BRDA:86,11,0,0
BRDA:86,11,1,0
BRDA:93,12,0,0
BRDA:93,12,1,0
BRDA:94,13,0,0
BRDA:94,13,1,0
BRDA:95,14,0,0
BRDA:95,14,1,0
BRDA:96,15,0,0
BRDA:96,15,1,0
BRDA:98,16,0,0
BRDA:98,16,1,0
BRDA:99,17,0,0
BRDA:99,17,1,0
BRDA:99,18,0,0
BRDA:99,18,1,0
BRDA:101,19,0,0
BRDA:101,19,1,0
BRDA:107,20,0,0
BRDA:107,20,1,0
BRDA:112,21,0,0
BRDA:112,21,1,0
BRDA:119,22,0,0
BRDA:119,22,1,0
BRDA:127,23,0,0
BRDA:127,23,1,0
BRDA:136,24,0,0
BRDA:136,24,1,0
BRDA:138,25,0,0
BRDA:138,25,1,0
BRDA:139,26,0,0
BRDA:139,26,1,0
BRDA:146,27,0,0
BRDA:146,27,1,0
BRDA:147,28,0,0
BRDA:147,28,1,0
BRDA:148,29,0,0
BRDA:148,29,1,0
BRDA:150,30,0,0
BRDA:150,30,1,0
BRDA:152,31,0,0
BRDA:152,31,1,0
BRDA:157,32,0,0
BRDA:157,32,1,0
BRDA:162,33,0,0
BRDA:162,33,1,0
BRDA:171,34,0,0
BRDA:171,34,1,0
BRDA:173,35,0,0
BRDA:173,35,1,0
BRDA:174,36,0,0
BRDA:174,36,1,0
BRDA:183,37,0,0
BRDA:183,37,1,0
BRF:77
BRH:0
end_of_record
TN:
SF:src\routes\upload .js
FN:3,(anonymous_0)
FNF:1
FNH:0
FNDA:0,(anonymous_0)
DA:1,0
DA:3,0
DA:4,0
DA:5,0
DA:6,0
DA:8,0
DA:10,0
DA:11,0
DA:13,0
DA:15,0
DA:17,0
DA:18,0
LF:12
LH:0
BRDA:6,0,0,0
BRDA:6,0,1,0
BRDA:11,1,0,0
BRDA:11,1,1,0
BRDA:18,2,0,0
BRDA:18,2,1,0
BRF:6
BRH:0
end_of_record
TN:
SF:src\routes\userProfile.routes.js
FN:10,(anonymous_0)
FN:40,(anonymous_1)
FNF:2
FNH:0
FNDA:0,(anonymous_0)
FNDA:0,(anonymous_1)
DA:2,1
DA:3,1
DA:5,1
DA:6,1
DA:7,1
DA:8,1
DA:10,1
DA:11,0
DA:12,0
DA:14,0
DA:15,0
DA:17,0
DA:18,0
DA:22,0
DA:30,0
DA:31,0
DA:36,1
DA:41,0
DA:42,0
DA:44,0
DA:55,0
DA:57,0
DA:58,0
DA:62,0
DA:63,0
DA:66,0
DA:70,0
DA:71,0
DA:73,0
DA:77,0
DA:79,0
DA:80,0
DA:85,1
LF:33
LH:9
BRDA:12,0,0,0
BRDA:12,0,1,0
BRDA:17,1,0,0
BRDA:17,1,1,0
BRDA:24,2,0,0
BRDA:24,2,1,0
BRDA:25,3,0,0
BRDA:25,3,1,0
BRDA:26,4,0,0
BRDA:26,4,1,0
BRDA:42,5,0,0
BRDA:42,5,1,0
BRDA:58,6,0,0
BRDA:58,6,1,0
BRDA:62,7,0,0
BRDA:62,7,1,0
BRDA:70,8,0,0
BRDA:70,8,1,0
BRF:18
BRH:0
end_of_record
TN:
SF:src\routes\users.routes.js
FN:9,(anonymous_0)
FN:24,(anonymous_1)
FN:56,(anonymous_2)
FNF:3
FNH:0
FNDA:0,(anonymous_0)
FNDA:0,(anonymous_1)
FNDA:0,(anonymous_2)
DA:2,1
DA:3,1
DA:4,1
DA:5,1
DA:6,1
DA:9,1
DA:10,0
DA:11,0
DA:13,0
DA:14,0
DA:16,0
DA:18,0
DA:19,0
DA:24,1
DA:25,0
DA:26,0
DA:28,0
DA:40,0
DA:41,0
DA:42,0
DA:45,0
DA:46,0
DA:48,0
DA:50,0
DA:52,0
DA:53,0
DA:56,1
DA:57,0
DA:58,0
DA:60,0
DA:63,0
DA:64,0
DA:70,0
DA:72,0
DA:74,0
DA:75,0
DA:78,0
DA:84,0
DA:87,0
DA:88,0
DA:93,1
LF:41
LH:9
BRDA:14,0,0,0
BRDA:14,0,1,0
BRDA:19,1,0,0
BRDA:19,1,1,0
BRDA:42,2,0,0
BRDA:42,2,1,0
BRDA:46,3,0,0
BRDA:46,3,1,0
BRDA:53,4,0,0
BRDA:53,4,1,0
BRDA:60,5,0,0
BRDA:60,5,1,0
BRDA:63,6,0,0
BRDA:63,6,1,0
BRDA:74,7,0,0
BRDA:74,7,1,0
BRDA:89,8,0,0
BRDA:89,8,1,0
BRF:18
BRH:0
end_of_record
TN:
SF:src\routes\utils.routes.js
FN:5,(anonymous_0)
FN:24,(anonymous_1)
FN:30,(anonymous_2)
FNF:3
FNH:0
FNDA:0,(anonymous_0)
FNDA:0,(anonymous_1)
FNDA:0,(anonymous_2)
DA:2,1
DA:3,1
DA:5,1
DA:6,0
DA:7,0
DA:8,0
DA:11,0
DA:19,0
DA:20,0
DA:21,0
DA:24,0
DA:25,0
DA:30,0
DA:34,0
DA:35,0
DA:36,0
DA:37,0
DA:41,0
DA:42,0
DA:43,0
DA:44,0
DA:48,0
DA:49,0
DA:50,0
DA:51,0
DA:55,0
DA:56,0
DA:57,0
DA:58,0
DA:62,0
DA:63,0
DA:64,0
DA:65,0
DA:68,0
DA:72,0
DA:73,0
DA:76,0
DA:77,0
DA:78,0
DA:81,0
DA:83,0
DA:86,0
DA:94,0
DA:95,0
DA:96,0
DA:97,0
DA:98,0
DA:112,0
DA:114,0
DA:116,0
DA:119,0
DA:126,0
DA:127,0
DA:136,0
DA:138,0
DA:139,0
DA:140,0
DA:141,0
DA:142,0
DA:143,0
DA:156,0
DA:158,0
DA:162,1
LF:63
LH:4
BRDA:7,0,0,0
BRDA:7,0,1,0
BRDA:8,1,0,0
BRDA:8,1,1,0
BRDA:19,2,0,0
BRDA:19,2,1,0
BRDA:20,3,0,0
BRDA:20,3,1,0
BRDA:25,4,0,0
BRDA:25,4,1,0
BRDA:25,4,2,0
BRDA:25,4,3,0
BRDA:25,4,4,0
BRDA:25,4,5,0
BRDA:35,5,0,0
BRDA:35,5,1,0
BRDA:37,6,0,0
BRDA:37,6,1,0
BRDA:42,7,0,0
BRDA:42,7,1,0
BRDA:44,8,0,0
BRDA:44,8,1,0
BRDA:49,9,0,0
BRDA:49,9,1,0
BRDA:51,10,0,0
BRDA:51,10,1,0
BRDA:56,11,0,0
BRDA:56,11,1,0
BRDA:58,12,0,0
BRDA:58,12,1,0
BRDA:63,13,0,0
BRDA:63,13,1,0
BRDA:65,14,0,0
BRDA:65,14,1,0
BRDA:73,15,0,0
BRDA:73,15,1,0
BRDA:77,16,0,0
BRDA:77,16,1,0
BRDA:77,17,0,0
BRDA:77,17,1,0
BRDA:94,18,0,0
BRDA:94,18,1,0
BRDA:95,19,0,0
BRDA:95,19,1,0
BRDA:97,20,0,0
BRDA:97,20,1,0
BRDA:126,21,0,0
BRDA:126,21,1,0
BRDA:136,22,0,0
BRDA:136,22,1,0
BRDA:139,23,0,0
BRDA:139,23,1,0
BRDA:139,24,0,0
BRDA:139,24,1,0
BRDA:142,25,0,0
BRDA:142,25,1,0
BRF:56
BRH:0
end_of_record
TN:
SF:src\services\aiDataCleaner.js
FN:1,isFakeValue
FN:15,(anonymous_1)
FN:33,looksLikeCompany
FN:40,analyzeAndCorrect
FNF:4
FNH:0
FNDA:0,isFakeValue
FNDA:0,(anonymous_1)
FNDA:0,looksLikeCompany
FNDA:0,analyzeAndCorrect
DA:2,0
DA:4,0
DA:6,0
DA:12,0
DA:15,0
DA:18,0
DA:21,0
DA:24,0
DA:27,0
DA:29,0
DA:34,0
DA:36,0
DA:37,0
DA:41,0
DA:42,0
DA:44,0
DA:49,0
DA:50,0
DA:52,0
DA:54,0
DA:56,0
DA:57,0
DA:58,0
DA:60,0
DA:66,0
DA:67,0
DA:69,0
DA:71,0
DA:73,0
DA:79,0
DA:80,0
DA:82,0
DA:84,0
DA:86,0
DA:92,0
DA:93,0
DA:95,0
DA:98,0
DA:99,0
DA:101,0
DA:107,0
DA:108,0
DA:110,0
DA:116,0
DA:118,0
DA:127,0
LF:46
LH:0
BRDA:2,0,0,0
BRDA:2,0,1,0
BRDA:12,1,0,0
BRDA:12,1,1,0
BRDA:15,2,0,0
BRDA:15,2,1,0
BRDA:18,3,0,0
BRDA:18,3,1,0
BRDA:21,4,0,0
BRDA:21,4,1,0
BRDA:24,5,0,0
BRDA:24,5,1,0
BRDA:27,6,0,0
BRDA:27,6,1,0
BRDA:34,7,0,0
BRDA:34,7,1,0
BRDA:49,8,0,0
BRDA:49,8,1,0
BRDA:57,9,0,0
BRDA:57,9,1,0
BRDA:66,10,0,0
BRDA:66,10,1,0
BRDA:66,11,0,0
BRDA:66,11,1,0
BRDA:79,12,0,0
BRDA:79,12,1,0
BRDA:79,13,0,0
BRDA:79,13,1,0
BRDA:92,14,0,0
BRDA:92,14,1,0
BRDA:92,15,0,0
BRDA:92,15,1,0
BRDA:98,16,0,0
BRDA:98,16,1,0
BRDA:98,17,0,0
BRDA:98,17,1,0
BRDA:107,18,0,0
BRDA:107,18,1,0
BRDA:107,19,0,0
BRDA:107,19,1,0
BRDA:116,20,0,0
BRDA:116,20,1,0
BRF:42
BRH:0
end_of_record
TN:
SF:src\services\company.service.js
FN:4,cleanCompanyName
FN:10,findCompanyByName
FN:20,findOrCreateCompanyByName
FN:35,resolveCompanyForProject
FNF:4
FNH:0
FNDA:0,cleanCompanyName
FNDA:0,findCompanyByName
FNDA:0,findOrCreateCompanyByName
FNDA:0,resolveCompanyForProject
DA:1,1
DA:2,1
DA:5,0
DA:6,0
DA:7,0
DA:11,0
DA:12,0
DA:14,0
DA:21,0
DA:22,0
DA:24,0
DA:25,0
DA:27,0
DA:28,0
DA:30,0
DA:31,0
DA:36,0
DA:37,0
DA:46,0
DA:48,0
DA:49,0
DA:50,0
DA:51,0
DA:52,0
DA:53,0
DA:56,0
DA:62,0
DA:63,0
DA:64,0
DA:66,0
DA:72,1
LF:31
LH:3
BRDA:5,0,0,0
BRDA:5,0,1,0
BRDA:7,1,0,0
BRDA:7,1,1,0
BRDA:10,2,0,0
BRDA:12,3,0,0
BRDA:12,3,1,0
BRDA:20,4,0,0
BRDA:22,5,0,0
BRDA:22,5,1,0
BRDA:25,6,0,0
BRDA:25,6,1,0
BRDA:30,7,0,0
BRDA:30,7,1,0
BRDA:35,8,0,0
BRDA:35,9,0,0
BRDA:36,10,0,0
BRDA:36,10,1,0
BRDA:38,11,0,0
BRDA:38,11,1,0
BRDA:38,11,2,0
BRDA:38,11,3,0
BRDA:38,11,4,0
BRDA:38,11,5,0
BRDA:38,11,6,0
BRDA:48,12,0,0
BRDA:48,12,1,0
BRDA:50,13,0,0
BRDA:50,13,1,0
BRDA:62,14,0,0
BRDA:62,14,1,0
BRDA:63,15,0,0
BRDA:63,15,1,0
BRDA:63,16,0,0
BRDA:63,16,1,0
BRDA:67,17,0,0
BRDA:67,17,1,0
BRDA:68,18,0,0
BRDA:68,18,1,0
BRF:39
BRH:0
end_of_record
TN:
SF:src\services\companySync.service.js
FN:10,companyNameWhere
FN:14,getDistinctProjectEntreprises
FN:46,countSkippedProjectEntreprises
FN:58,syncCompaniesFromProjects
FN:74,(anonymous_4)
FNF:5
FNH:0
FNDA:0,companyNameWhere
FNDA:0,getDistinctProjectEntreprises
FNDA:0,countSkippedProjectEntreprises
FNDA:0,syncCompaniesFromProjects
FNDA:0,(anonymous_4)
DA:1,0
DA:2,0
DA:3,0
DA:8,0
DA:11,0
DA:15,0
DA:27,0
DA:29,0
DA:30,0
DA:31,0
DA:33,0
DA:34,0
DA:35,0
DA:39,0
DA:47,0
DA:59,0
DA:60,0
DA:62,0
DA:74,0
DA:75,0
DA:76,0
DA:78,0
DA:79,0
DA:81,0
DA:82,0
DA:83,0
DA:84,0
DA:85,0
DA:86,0
DA:89,0
DA:90,0
DA:91,0
DA:93,0
DA:94,0
DA:97,0
DA:115,0
DA:118,0
DA:119,0
DA:120,0
DA:121,0
DA:122,0
DA:123,0
DA:127,0
DA:130,0
LF:44
LH:0
BRDA:14,0,0,0
BRDA:31,1,0,0
BRDA:31,1,1,0
BRDA:34,2,0,0
BRDA:34,2,1,0
BRDA:46,3,0,0
BRDA:58,4,0,0
BRDA:59,5,0,0
BRDA:59,5,1,0
BRDA:83,6,0,0
BRDA:83,6,1,0
BRDA:84,7,0,0
BRDA:84,7,1,0
BRDA:89,8,0,0
BRDA:89,8,1,0
BRDA:118,9,0,0
BRDA:118,9,1,0
BRF:17
BRH:0
end_of_record
TN:
SF:src\services\email.service.js
FN:17,(anonymous_0)
FNF:1
FNH:0
FNDA:0,(anonymous_0)
DA:1,0
DA:2,0
DA:4,0
DA:17,0
DA:18,0
DA:20,0
DA:21,0
DA:28,0
DA:38,0
DA:40,0
DA:50,0
DA:54,0
LF:12
LH:0
BRDA:17,0,0,0
BRF:1
BRH:0
end_of_record
TN:
SF:src\services\emailService.js
FN:16,sendRelanceEmail
FNF:1
FNH:0
FNDA:0,sendRelanceEmail
DA:1,1
DA:3,1
DA:18,0
DA:44,1
LF:4
LH:3
BRF:0
BRH:0
end_of_record
TN:
SF:src\services\location.service.js
FN:14,(anonymous_0)
FN:30,(anonymous_1)
FN:70,(anonymous_2)
FN:89,(anonymous_3)
FN:100,(anonymous_4)
FN:124,(anonymous_5)
FN:184,(anonymous_6)
FN:190,(anonymous_7)
FN:198,(anonymous_8)
FN:221,(anonymous_9)
FNF:10
FNH:0
FNDA:0,(anonymous_0)
FNDA:0,(anonymous_1)
FNDA:0,(anonymous_2)
FNDA:0,(anonymous_3)
FNDA:0,(anonymous_4)
FNDA:0,(anonymous_5)
FNDA:0,(anonymous_6)
FNDA:0,(anonymous_7)
FNDA:0,(anonymous_8)
FNDA:0,(anonymous_9)
DA:2,1
DA:15,0
DA:16,0
DA:18,0
DA:19,0
DA:22,0
DA:32,0
DA:33,0
DA:35,0
DA:36,0
DA:38,0
DA:39,0
DA:41,0
DA:42,0
DA:43,0
DA:44,0
DA:45,0
DA:46,0
DA:49,0
DA:50,0
DA:51,0
DA:52,0
DA:54,0
DA:71,0
DA:72,0
DA:73,0
DA:76,0
DA:80,0
DA:81,0
DA:90,0
DA:101,0
DA:102,0
DA:105,0
DA:107,0
DA:108,0
DA:109,0
DA:112,0
DA:125,0
DA:127,0
DA:128,0
DA:131,0
DA:132,0
DA:135,0
DA:136,0
DA:139,0
DA:140,0
DA:141,0
DA:142,0
DA:144,0
DA:154,0
DA:160,0
DA:161,0
DA:164,0
DA:183,0
DA:184,0
DA:190,0
DA:199,0
DA:222,0
DA:223,0
DA:224,0
DA:225,0
DA:227,0
DA:228,0
DA:229,0
DA:232,0
DA:233,0
DA:234,0
DA:236,0
DA:237,0
DA:240,0
DA:241,0
DA:242,0
DA:243,0
DA:246,0
DA:247,0
DA:248,0
DA:249,0
DA:253,0
DA:257,1
LF:79
LH:2
BRDA:18,0,0,0
BRDA:18,0,1,0
BRDA:18,1,0,0
BRDA:18,1,1,0
BRDA:22,2,0,0
BRDA:22,2,1,0
BRDA:22,2,2,0
BRDA:22,2,3,0
BRDA:30,3,0,0
BRDA:35,4,0,0
BRDA:35,4,1,0
BRDA:36,5,0,0
BRDA:36,5,1,0
BRDA:38,6,0,0
BRDA:38,6,1,0
BRDA:38,7,0,0
BRDA:38,7,1,0
BRDA:39,8,0,0
BRDA:39,8,1,0
BRDA:39,9,0,0
BRDA:39,9,1,0
BRDA:41,10,0,0
BRDA:41,10,1,0
BRDA:42,11,0,0
BRDA:42,11,1,0
BRDA:42,12,0,0
BRDA:42,12,1,0
BRDA:43,13,0,0
BRDA:43,13,1,0
BRDA:43,14,0,0
BRDA:43,14,1,0
BRDA:44,15,0,0
BRDA:44,15,1,0
BRDA:44,16,0,0
BRDA:44,16,1,0
BRDA:45,17,0,0
BRDA:45,17,1,0
BRDA:45,18,0,0
BRDA:45,18,1,0
BRDA:46,19,0,0
BRDA:46,19,1,0
BRDA:46,20,0,0
BRDA:46,20,1,0
BRDA:49,21,0,0
BRDA:49,21,1,0
BRDA:49,22,0,0
BRDA:49,22,1,0
BRDA:50,23,0,0
BRDA:50,23,1,0
BRDA:50,24,0,0
BRDA:50,24,1,0
BRDA:51,25,0,0
BRDA:51,25,1,0
BRDA:52,26,0,0
BRDA:52,26,1,0
BRDA:52,26,2,0
BRDA:55,27,0,0
BRDA:55,27,1,0
BRDA:56,28,0,0
BRDA:56,28,1,0
BRDA:101,29,0,0
BRDA:101,29,1,0
BRDA:101,30,0,0
BRDA:101,30,1,0
BRDA:105,31,0,0
BRDA:105,31,1,0
BRDA:105,32,0,0
BRDA:105,32,1,0
BRDA:124,33,0,0
BRDA:124,34,0,0
BRDA:124,35,0,0
BRDA:127,36,0,0
BRDA:127,36,1,0
BRDA:131,37,0,0
BRDA:131,37,1,0
BRDA:131,38,0,0
BRDA:131,38,1,0
BRDA:135,39,0,0
BRDA:135,39,1,0
BRDA:135,40,0,0
BRDA:135,40,1,0
BRDA:142,41,0,0
BRDA:142,41,1,0
BRDA:160,42,0,0
BRDA:160,42,1,0
BRDA:211,43,0,0
BRDA:211,43,1,0
BRDA:221,44,0,0
BRDA:227,45,0,0
BRDA:227,45,1,0
BRDA:227,46,0,0
BRDA:227,46,1,0
BRDA:227,46,2,0
BRDA:232,47,0,0
BRDA:232,47,1,0
BRDA:232,48,0,0
BRDA:232,48,1,0
BRDA:233,49,0,0
BRDA:233,49,1,0
BRDA:236,50,0,0
BRDA:236,50,1,0
BRDA:240,51,0,0
BRDA:240,51,1,0
BRDA:240,52,0,0
BRDA:240,52,1,0
BRDA:242,53,0,0
BRDA:242,53,1,0
BRDA:242,54,0,0
BRDA:242,54,1,0
BRDA:242,54,2,0
BRDA:246,55,0,0
BRDA:246,55,1,0
BRDA:246,56,0,0
BRDA:246,56,1,0
BRDA:248,57,0,0
BRDA:248,57,1,0
BRDA:248,58,0,0
BRDA:248,58,1,0
BRDA:248,58,2,0
BRF:119
BRH:0
end_of_record
TN:
SF:src\services\notification.service.js
FN:3,notifyProjectComment
FN:32,(anonymous_1)
FNF:2
FNH:0
FNDA:0,notifyProjectComment
FNDA:0,(anonymous_1)
DA:1,0
DA:5,0
DA:6,0
DA:9,0
DA:11,0
DA:14,0
DA:19,0
DA:21,0
DA:23,0
DA:26,0
DA:27,0
DA:29,0
DA:30,0
DA:32,0
DA:42,0
DA:45,0
LF:16
LH:0
BRDA:6,0,0,0
BRDA:6,0,1,0
BRDA:11,1,0,0
BRDA:11,1,1,0
BRDA:23,2,0,0
BRDA:23,2,1,0
BRDA:27,3,0,0
BRDA:27,3,1,0
BRF:8
BRH:0
end_of_record
TN:
SF:src\services\person.service.js
FN:5,cleanPersonName
FN:11,getPersonModel
FN:17,findPersonByName
FN:28,findOrCreatePersonByName
FN:51,resolveEngineerForProject
FN:96,resolveArchitectForProject
FNF:6
FNH:0
FNDA:0,cleanPersonName
FNDA:0,getPersonModel
FNDA:0,findPersonByName
FNDA:0,findOrCreatePersonByName
FNDA:0,resolveEngineerForProject
FNDA:0,resolveArchitectForProject
DA:1,1
DA:2,1
DA:3,1
DA:6,0
DA:7,0
DA:8,0
DA:12,0
DA:13,0
DA:14,0
DA:18,0
DA:19,0
DA:21,0
DA:22,0
DA:29,0
DA:30,0
DA:32,0
DA:33,0
DA:35,0
DA:36,0
DA:37,0
DA:46,0
DA:47,0
DA:52,0
DA:53,0
DA:59,0
DA:61,0
DA:62,0
DA:63,0
DA:64,0
DA:65,0
DA:66,0
DA:69,0
DA:77,0
DA:78,0
DA:88,0
DA:97,0
DA:98,0
DA:104,0
DA:106,0
DA:107,0
DA:108,0
DA:109,0
DA:110,0
DA:111,0
DA:114,0
DA:122,0
DA:123,0
DA:133,0
DA:141,1
LF:49
LH:4
BRDA:6,0,0,0
BRDA:6,0,1,0
BRDA:8,1,0,0
BRDA:8,1,1,0
BRDA:12,2,0,0
BRDA:12,2,1,0
BRDA:13,3,0,0
BRDA:13,3,1,0
BRDA:17,4,0,0
BRDA:19,5,0,0
BRDA:19,5,1,0
BRDA:28,6,0,0
BRDA:28,7,0,0
BRDA:30,8,0,0
BRDA:30,8,1,0
BRDA:33,9,0,0
BRDA:33,9,1,0
BRDA:40,10,0,0
BRDA:40,10,1,0
BRDA:41,11,0,0
BRDA:41,11,1,0
BRDA:46,12,0,0
BRDA:46,12,1,0
BRDA:51,13,0,0
BRDA:51,14,0,0
BRDA:52,15,0,0
BRDA:52,15,1,0
BRDA:54,16,0,0
BRDA:54,16,1,0
BRDA:54,16,2,0
BRDA:54,16,3,0
BRDA:61,17,0,0
BRDA:61,17,1,0
BRDA:63,18,0,0
BRDA:63,18,1,0
BRDA:72,19,0,0
BRDA:72,19,1,0
BRDA:72,19,2,0
BRDA:73,20,0,0
BRDA:73,20,1,0
BRDA:73,20,2,0
BRDA:77,21,0,0
BRDA:77,21,1,0
BRDA:89,22,0,0
BRDA:89,22,1,0
BRDA:90,23,0,0
BRDA:90,23,1,0
BRDA:91,24,0,0
BRDA:91,24,1,0
BRDA:91,24,2,0
BRDA:92,25,0,0
BRDA:92,25,1,0
BRDA:92,25,2,0
BRDA:96,26,0,0
BRDA:96,27,0,0
BRDA:97,28,0,0
BRDA:97,28,1,0
BRDA:99,29,0,0
BRDA:99,29,1,0
BRDA:99,29,2,0
BRDA:99,29,3,0
BRDA:106,30,0,0
BRDA:106,30,1,0
BRDA:108,31,0,0
BRDA:108,31,1,0
BRDA:117,32,0,0
BRDA:117,32,1,0
BRDA:117,32,2,0
BRDA:118,33,0,0
BRDA:118,33,1,0
BRDA:118,33,2,0
BRDA:122,34,0,0
BRDA:122,34,1,0
BRDA:134,35,0,0
BRDA:134,35,1,0
BRDA:135,36,0,0
BRDA:135,36,1,0
BRDA:136,37,0,0
BRDA:136,37,1,0
BRDA:136,37,2,0
BRDA:137,38,0,0
BRDA:137,38,1,0
BRDA:137,38,2,0
BRF:83
BRH:0
end_of_record
TN:
SF:src\services\personSync.service.js
FN:23,getConfig
FN:29,projectNameWhere
FN:33,getDistinctProjectPeople
FN:67,countSkippedProjectPeople
FN:81,syncProjectPeople
FN:99,(anonymous_5)
FN:156,syncEngineersFromProjects
FN:160,syncArchitectsFromProjects
FN:164,syncPeopleFromProjects
FNF:9
FNH:0
FNDA:0,getConfig
FNDA:0,projectNameWhere
FNDA:0,getDistinctProjectPeople
FNDA:0,countSkippedProjectPeople
FNDA:0,syncProjectPeople
FNDA:0,(anonymous_5)
FNDA:0,syncEngineersFromProjects
FNDA:0,syncArchitectsFromProjects
FNDA:0,syncPeopleFromProjects
DA:1,0
DA:2,0
DA:3,0
DA:8,0
DA:10,0
DA:24,0
DA:25,0
DA:26,0
DA:30,0
DA:34,0
DA:35,0
DA:37,0
DA:49,0
DA:50,0
DA:51,0
DA:52,0
DA:54,0
DA:55,0
DA:56,0
DA:60,0
DA:68,0
DA:70,0
DA:82,0
DA:83,0
DA:84,0
DA:86,0
DA:99,0
DA:100,0
DA:101,0
DA:103,0
DA:104,0
DA:106,0
DA:107,0
DA:108,0
DA:110,0
DA:111,0
DA:112,0
DA:115,0
DA:116,0
DA:117,0
DA:119,0
DA:120,0
DA:123,0
DA:141,0
DA:144,0
DA:145,0
DA:146,0
DA:147,0
DA:148,0
DA:149,0
DA:153,0
DA:157,0
DA:161,0
DA:165,0
DA:166,0
DA:168,0
DA:174,0
LF:57
LH:0
BRDA:25,0,0,0
BRDA:25,0,1,0
BRDA:33,1,0,0
BRDA:52,2,0,0
BRDA:52,2,1,0
BRDA:55,3,0,0
BRDA:55,3,1,0
BRDA:67,4,0,0
BRDA:81,5,0,0
BRDA:83,6,0,0
BRDA:83,6,1,0
BRDA:108,7,0,0
BRDA:108,7,1,0
BRDA:110,8,0,0
BRDA:110,8,1,0
BRDA:115,9,0,0
BRDA:115,9,1,0
BRDA:144,10,0,0
BRDA:144,10,1,0
BRDA:156,11,0,0
BRDA:160,12,0,0
BRDA:164,13,0,0
BRF:22
BRH:0
end_of_record
TN:
SF:src\services\reminderService.js
FN:10,(anonymous_0)
FNF:1
FNH:0
FNDA:0,(anonymous_0)
DA:1,0
DA:2,0
DA:4,0
DA:5,0
DA:6,0
DA:8,0
DA:10,0
DA:12,0
DA:14,0
DA:17,0
DA:18,0
DA:20,0
DA:25,0
DA:35,0
DA:37,0
DA:39,0
DA:41,0
DA:43,0
DA:45,0
DA:47,0
DA:53,0
DA:61,0
DA:63,0
DA:65,0
DA:68,0
DA:70,0
DA:72,0
DA:74,0
DA:76,0
DA:78,0
DA:80,0
DA:84,0
DA:87,0
LF:33
LH:0
BRDA:39,0,0,0
BRDA:39,0,1,0
BRDA:43,1,0,0
BRDA:43,1,1,0
BRDA:63,2,0,0
BRDA:63,2,1,0
BRDA:68,3,0,0
BRDA:68,3,1,0
BRDA:72,4,0,0
BRDA:72,4,1,0
BRDA:76,5,0,0
BRDA:76,5,1,0
BRF:12
BRH:0
end_of_record
TN:
SF:src\services\scheduler.js
FN:12,(anonymous_0)
FNF:1
FNH:0
FNDA:0,(anonymous_0)
DA:1,0
DA:3,0
DA:4,0
DA:5,0
DA:6,0
DA:8,0
DA:10,0
DA:12,0
DA:14,0
DA:16,0
DA:18,0
DA:22,0
DA:24,0
DA:26,0
DA:28,0
DA:30,0
DA:35,0
DA:37,0
DA:39,0
DA:40,0
DA:42,0
DA:44,0
DA:46,0
DA:57,0
DA:59,0
DA:63,0
DA:65,0
DA:67,0
DA:69,0
DA:71,0
DA:81,0
LF:31
LH:0
BRDA:35,0,0,0
BRDA:35,0,1,0
BRDA:37,1,0,0
BRDA:37,1,1,0
BRDA:42,2,0,0
BRDA:42,2,1,0
BRDA:51,3,0,0
BRDA:51,3,1,0
BRDA:63,4,0,0
BRDA:63,4,1,0
BRDA:67,5,0,0
BRDA:67,5,1,0
BRDA:67,6,0,0
BRDA:67,6,1,0
BRF:14
BRH:0
end_of_record
TN:
SF:src\utils\mailer.js
FN:4,getTransporter
FN:19,sendMail
FNF:2
FNH:0
FNDA:0,getTransporter
FNDA:0,sendMail
DA:2,1
DA:5,0
DA:6,0
DA:7,0
DA:8,0
DA:9,0
DA:11,0
DA:20,0
DA:21,0
DA:23,0
DA:32,1
LF:11
LH:2
BRDA:6,0,0,0
BRDA:6,0,1,0
BRDA:9,1,0,0
BRDA:9,1,1,0
BRDA:21,2,0,0
BRDA:21,2,1,0
BRF:6
BRH:0
end_of_record
TN:
SF:src\utils\metabaseToken.js
FN:3,generateMetabaseToken
FNF:1
FNH:0
FNDA:0,generateMetabaseToken
DA:1,1
DA:4,0
DA:10,0
DA:13,1
LF:4
LH:2
BRF:0
BRH:0
end_of_record
TN:
SF:src\utils\passwordReset.js
FN:4,generateResetToken
FNF:1
FNH:0
FNDA:0,generateResetToken
DA:2,1
DA:6,0
DA:9,0
DA:11,0
DA:14,1
LF:5
LH:2
BRF:0
BRH:0
end_of_record
TN:
SF:src\utils\sendEmail.js
FN:21,sendEmail
FN:47,sendRelanceIngenieurEmail
FN:71,sendRelanceEntrepriseEmail
FN:95,sendRelanceBureauControleEmail
FNF:4
FNH:0
FNDA:0,sendEmail
FNDA:0,sendRelanceIngenieurEmail
FNDA:0,sendRelanceEntrepriseEmail
FNDA:0,sendRelanceBureauControleEmail
DA:3,0
DA:8,0
DA:22,0
DA:23,0
DA:25,0
DA:33,0
DA:35,0
DA:37,0
DA:39,0
DA:40,0
DA:48,0
DA:72,0
DA:96,0
DA:119,0
LF:14
LH:0
BRDA:9,0,0,0
BRDA:9,0,1,0
BRDA:10,1,0,0
BRDA:10,1,1,0
BRDA:23,2,0,0
BRDA:23,2,1,0
BRDA:28,3,0,0
BRDA:28,3,1,0
BRDA:29,4,0,0
BRDA:29,4,1,0
BRDA:30,5,0,0
BRDA:30,5,1,0
BRF:12
BRH:0
end_of_record
TN:
SF:src\utils\tokens.js
FN:3,mustEnv
FN:9,signAccessToken
FN:18,signRefreshToken
FN:27,verifyAccessToken
FN:35,verifyRefreshToken
FNF:5
FNH:0
FNDA:0,mustEnv
FNDA:0,signAccessToken
FNDA:0,signRefreshToken
FNDA:0,verifyAccessToken
FNDA:0,verifyRefreshToken
DA:1,1
DA:4,0
DA:5,0
DA:6,0
DA:10,0
DA:11,0
DA:19,0
DA:20,0
DA:28,0
DA:29,0
DA:36,0
DA:37,0
DA:43,1
LF:13
LH:2
BRDA:5,0,0,0
BRDA:5,0,1,0
BRDA:12,1,0,0
BRDA:12,1,1,0
BRDA:21,2,0,0
BRDA:21,2,1,0
BRF:6
BRH:0
end_of_record
